[2022-09-29T15:14:39.289Z] La validación encontró GIT en: git
[2022-09-29T15:14:39.483Z] Usando GIT  de git
[2022-09-29T15:14:39.565Z] > git rev-parse --git-dir [17ms]
[2022-09-29T15:14:39.581Z] Open repository: /home/intcesar/Mytest
[2022-09-29T15:14:40.058Z] > git symbolic-ref --short HEAD [326ms]
[2022-09-29T15:14:40.144Z] > git for-each-ref --format=%(refname)%00%(upstream:short)%00%(objectname)%00%(upstream:track) refs/heads/master refs/remotes/master [52ms]
[2022-09-29T15:14:40.200Z] > git remote --verbose [9ms]
[2022-09-29T15:14:40.202Z] > git for-each-ref --sort -committerdate --format %(refname) %(objectname) %(*objectname) [32ms]
[2022-09-29T15:14:40.302Z] > git config --get commit.template [58ms]
[2022-09-29T15:14:40.679Z] > git ls-files --stage -- /home/intcesar/Mytest/inventario.py [38ms]
[2022-09-29T15:14:40.716Z] > git cat-file -s 4ed54f060935f8464bcc4f990fa8df24f9bd6038 [13ms]
[2022-09-29T15:25:32.057Z] > git symbolic-ref --short HEAD [13ms]
[2022-09-29T15:25:32.113Z] > git for-each-ref --format=%(refname)%00%(upstream:short)%00%(objectname)%00%(upstream:track) refs/heads/master refs/remotes/master [12ms]
[2022-09-29T15:25:32.194Z] > git remote --verbose [8ms]
[2022-09-29T15:25:32.198Z] > git for-each-ref --sort -committerdate --format %(refname) %(objectname) %(*objectname) [48ms]
[2022-09-29T15:25:32.257Z] > git config --get commit.template [13ms]
[2022-09-29T15:28:46.359Z] > git symbolic-ref --short HEAD [7ms]
[2022-09-29T15:28:46.418Z] > git for-each-ref --format=%(refname)%00%(upstream:short)%00%(objectname)%00%(upstream:track) refs/heads/master refs/remotes/master [12ms]
[2022-09-29T15:28:46.502Z] > git remote --verbose [6ms]
[2022-09-29T15:28:46.504Z] > git for-each-ref --sort -committerdate --format %(refname) %(objectname) %(*objectname) [43ms]
[2022-09-29T15:28:46.556Z] > git config --get commit.template [5ms]
[2022-09-29T15:31:48.574Z] > git symbolic-ref --short HEAD [9ms]
[2022-09-29T15:31:48.619Z] > git for-each-ref --format=%(refname)%00%(upstream:short)%00%(objectname)%00%(upstream:track) refs/heads/master refs/remotes/master [10ms]
[2022-09-29T15:31:48.742Z] > git remote --verbose [29ms]
[2022-09-29T15:31:48.745Z] > git for-each-ref --sort -committerdate --format %(refname) %(objectname) %(*objectname) [79ms]
[2022-09-29T15:31:48.802Z] > git config --get commit.template [8ms]
[2022-09-29T15:33:20.680Z] > git ls-files --stage -- /home/intcesar/Mytest/ventas.csv [6ms]
[2022-09-29T15:33:20.704Z] > git cat-file -s 02eda43284342e3d1ea3ded4c1eebb4f1e555803 [6ms]
[2022-09-29T15:33:25.934Z] > git ls-files --stage -- /home/intcesar/Mytest/inventario.py [7ms]
[2022-09-29T15:33:25.974Z] > git cat-file -s 4ed54f060935f8464bcc4f990fa8df24f9bd6038 [5ms]
[2022-09-29T15:33:27.914Z] > git ls-files --stage -- /home/intcesar/Mytest/inventa.csv [11ms]
[2022-09-29T15:33:27.936Z] > git cat-file -s 192140426568576c39b1e7f023bd2ce49be26b4c [3ms]
[2022-09-29T15:33:36.168Z] > git ls-files --stage -- /home/intcesar/Mytest/ventas.csv [11ms]
[2022-09-29T15:33:36.216Z] > git cat-file -s 02eda43284342e3d1ea3ded4c1eebb4f1e555803 [6ms]
[2022-09-29T15:33:45.849Z] > git ls-files --stage -- /home/intcesar/Mytest/inventa.csv [6ms]
[2022-09-29T15:33:45.881Z] > git cat-file -s 192140426568576c39b1e7f023bd2ce49be26b4c [10ms]
[2022-09-29T15:34:05.256Z] > git ls-files --stage -- /home/intcesar/Mytest/ventas.csv [11ms]
[2022-09-29T15:34:05.309Z] > git cat-file -s 02eda43284342e3d1ea3ded4c1eebb4f1e555803 [8ms]
[2022-09-29T15:34:07.944Z] > git ls-files --stage -- /home/intcesar/Mytest/inventario.py [6ms]
[2022-09-29T15:34:07.972Z] > git cat-file -s 4ed54f060935f8464bcc4f990fa8df24f9bd6038 [7ms]
[2022-10-03T15:18:27.578Z] > git ls-files --stage -- /home/intcesar/Mytest/ventas.csv [6ms]
[2022-10-03T15:18:27.614Z] > git cat-file -s 02eda43284342e3d1ea3ded4c1eebb4f1e555803 [6ms]
[2022-10-03T15:18:43.780Z] > git ls-files --stage -- /home/intcesar/Mytest/inventa.csv [7ms]
[2022-10-03T15:18:43.822Z] > git cat-file -s 192140426568576c39b1e7f023bd2ce49be26b4c [8ms]
[2022-10-03T15:18:50.741Z] > git ls-files --stage -- /home/intcesar/Mytest/inventario.py [10ms]
[2022-10-03T15:18:50.805Z] > git cat-file -s 4ed54f060935f8464bcc4f990fa8df24f9bd6038 [9ms]
[2022-10-03T15:22:16.284Z] > git ls-files --stage -- /home/intcesar/Mytest/ventas.csv [7ms]
[2022-10-03T15:22:16.316Z] > git cat-file -s 02eda43284342e3d1ea3ded4c1eebb4f1e555803 [5ms]
[2022-10-03T15:22:41.989Z] > git ls-files --stage -- /home/intcesar/Mytest/inventario.py [17ms]
[2022-10-03T15:22:42.036Z] > git cat-file -s 4ed54f060935f8464bcc4f990fa8df24f9bd6038 [4ms]
[2022-10-03T15:26:00.416Z] > git symbolic-ref --short HEAD [7ms]
[2022-10-03T15:26:00.479Z] > git for-each-ref --format=%(refname)%00%(upstream:short)%00%(objectname)%00%(upstream:track) refs/heads/master refs/remotes/master [19ms]
[2022-10-03T15:26:00.565Z] > git for-each-ref --sort -committerdate --format %(refname) %(objectname) %(*objectname) [48ms]
[2022-10-03T15:26:00.573Z] > git remote --verbose [15ms]
[2022-10-03T15:26:00.640Z] > git config --get commit.template [10ms]
[2022-10-05T16:47:33.511Z] > git symbolic-ref --short HEAD [10ms]
[2022-10-05T16:47:33.570Z] > git for-each-ref --format=%(refname)%00%(upstream:short)%00%(objectname)%00%(upstream:track) refs/heads/master refs/remotes/master [17ms]
[2022-10-05T16:47:33.634Z] > git for-each-ref --sort -committerdate --format %(refname) %(objectname) %(*objectname) [28ms]
[2022-10-05T16:47:33.640Z] > git remote --verbose [9ms]
[2022-10-05T16:47:33.676Z] > git config --get commit.template [4ms]
[2022-10-05T16:50:17.624Z] > git symbolic-ref --short HEAD [5ms]
[2022-10-05T16:50:17.681Z] > git for-each-ref --format=%(refname)%00%(upstream:short)%00%(objectname)%00%(upstream:track) refs/heads/master refs/remotes/master [11ms]
[2022-10-05T16:50:17.772Z] > git for-each-ref --sort -committerdate --format %(refname) %(objectname) %(*objectname) [46ms]
[2022-10-05T16:50:17.779Z] > git remote --verbose [9ms]
[2022-10-05T16:50:17.822Z] > git config --get commit.template [7ms]
[2022-10-05T16:51:40.387Z] > git symbolic-ref --short HEAD [4ms]
[2022-10-05T16:51:40.422Z] > git for-each-ref --format=%(refname)%00%(upstream:short)%00%(objectname)%00%(upstream:track) refs/heads/master refs/remotes/master [4ms]
[2022-10-05T16:51:40.510Z] > git for-each-ref --sort -committerdate --format %(refname) %(objectname) %(*objectname) [54ms]
[2022-10-05T16:51:40.513Z] > git remote --verbose [8ms]
[2022-10-05T16:51:40.565Z] > git config --get commit.template [6ms]
[2022-10-05T16:51:54.756Z] > git symbolic-ref --short HEAD [7ms]
[2022-10-05T16:51:54.821Z] > git for-each-ref --format=%(refname)%00%(upstream:short)%00%(objectname)%00%(upstream:track) refs/heads/master refs/remotes/master [4ms]
[2022-10-05T16:51:54.918Z] > git remote --verbose [11ms]
[2022-10-05T16:51:54.920Z] > git for-each-ref --sort -committerdate --format %(refname) %(objectname) %(*objectname) [59ms]
[2022-10-05T16:51:54.990Z] > git config --get commit.template [11ms]
[2022-10-05T16:55:59.353Z] > git symbolic-ref --short HEAD [3ms]
[2022-10-05T16:55:59.385Z] > git for-each-ref --format=%(refname)%00%(upstream:short)%00%(objectname)%00%(upstream:track) refs/heads/master refs/remotes/master [3ms]
[2022-10-05T16:55:59.453Z] > git for-each-ref --sort -committerdate --format %(refname) %(objectname) %(*objectname) [32ms]
[2022-10-05T16:55:59.458Z] > git remote --verbose [8ms]
[2022-10-05T16:55:59.514Z] > git config --get commit.template [8ms]
[2022-10-05T17:30:33.268Z] > git symbolic-ref --short HEAD [11ms]
[2022-10-05T17:30:33.319Z] > git for-each-ref --format=%(refname)%00%(upstream:short)%00%(objectname)%00%(upstream:track) refs/heads/master refs/remotes/master [10ms]
[2022-10-05T17:30:33.401Z] > git for-each-ref --sort -committerdate --format %(refname) %(objectname) %(*objectname) [44ms]
[2022-10-05T17:30:33.404Z] > git remote --verbose [9ms]
[2022-10-05T17:30:33.454Z] > git config --get commit.template [5ms]
[2022-10-05T17:32:46.481Z] > git symbolic-ref --short HEAD [3ms]
[2022-10-05T17:32:46.523Z] > git for-each-ref --format=%(refname)%00%(upstream:short)%00%(objectname)%00%(upstream:track) refs/heads/master refs/remotes/master [7ms]
[2022-10-05T17:32:46.579Z] > git for-each-ref --sort -committerdate --format %(refname) %(objectname) %(*objectname) [29ms]
[2022-10-05T17:32:46.580Z] > git remote --verbose [3ms]
[2022-10-05T17:32:46.615Z] > git config --get commit.template [2ms]
