[2022-07-14T16:03:24.404Z] La validación encontró GIT en: git
[2022-07-14T16:03:24.514Z] Usando GIT 2.30.2 de git
[2022-07-14T16:03:24.601Z] > git rev-parse --git-dir [10ms]
[2022-07-14T16:03:24.623Z] Open repository: /home/intcesar/Mytest
[2022-07-14T16:03:24.827Z] > git symbolic-ref --short HEAD [43ms]
[2022-07-14T16:03:24.855Z] > git for-each-ref --format=%(refname)%00%(upstream:short)%00%(objectname)%00%(upstream:track) refs/heads/master refs/remotes/master [13ms]
[2022-07-14T16:03:24.886Z] > git for-each-ref --sort -committerdate --format %(refname) %(objectname) %(*objectname) [15ms]
[2022-07-14T16:03:24.889Z] > git remote --verbose [6ms]
[2022-07-14T16:03:24.913Z] > git config --get commit.template [5ms]
[2022-07-14T16:03:25.305Z] > git ls-files --stage -- /home/intcesar/Mytest/inventa.csv [7ms]
[2022-07-14T16:03:25.325Z] > git cat-file -s 192140426568576c39b1e7f023bd2ce49be26b4c [7ms]
[2022-07-14T16:03:35.202Z] > git ls-files --stage -- /home/intcesar/Mytest/lista_de_precios.csv [7ms]
[2022-07-14T16:03:35.223Z] > git cat-file -s 5d52659fd1507c6c68b9fb65546a30494e6bcc22 [7ms]
[2022-07-14T16:03:40.432Z] > git ls-files --stage -- /home/intcesar/Mytest/inventa.csv [8ms]
[2022-07-14T16:03:40.458Z] > git cat-file -s 192140426568576c39b1e7f023bd2ce49be26b4c [5ms]
[2022-07-14T16:03:42.497Z] > git ls-files --stage -- /home/intcesar/Mytest/prueba.txt [15ms]
[2022-07-14T16:03:42.517Z] > git cat-file -s e69de29bb2d1d6434b8b29ae775ad8c2e48c5391 [5ms]
[2022-07-14T16:03:43.528Z] > git ls-files --stage -- /home/intcesar/Mytest/inventa.csv [7ms]
[2022-07-14T16:03:43.555Z] > git cat-file -s 192140426568576c39b1e7f023bd2ce49be26b4c [7ms]
[2022-07-14T16:03:49.907Z] > git ls-files --stage -- /home/intcesar/Mytest/ventas.csv [10ms]
[2022-07-14T16:03:49.947Z] > git cat-file -s 02eda43284342e3d1ea3ded4c1eebb4f1e555803 [13ms]
[2022-07-14T16:03:52.885Z] > git ls-files --stage -- /home/intcesar/Mytest/inventario.py [294ms]
[2022-07-14T16:03:52.919Z] > git cat-file -s 4ed54f060935f8464bcc4f990fa8df24f9bd6038 [12ms]
[2022-07-14T16:04:20.138Z] > git symbolic-ref --short HEAD [5ms]
[2022-07-14T16:04:20.193Z] > git for-each-ref --format=%(refname)%00%(upstream:short)%00%(objectname)%00%(upstream:track) refs/heads/master refs/remotes/master [10ms]
[2022-07-14T16:04:20.275Z] > git remote --verbose [3ms]
[2022-07-14T16:04:20.277Z] > git for-each-ref --sort -committerdate --format %(refname) %(objectname) %(*objectname) [38ms]
[2022-07-14T16:04:20.333Z] > git config --get commit.template [6ms]
[2022-07-14T16:11:41.318Z] > git symbolic-ref --short HEAD [7ms]
[2022-07-14T16:11:41.367Z] > git for-each-ref --format=%(refname)%00%(upstream:short)%00%(objectname)%00%(upstream:track) refs/heads/master refs/remotes/master [9ms]
[2022-07-14T16:11:41.465Z] > git remote --verbose [16ms]
[2022-07-14T16:11:41.476Z] > git for-each-ref --sort -committerdate --format %(refname) %(objectname) %(*objectname) [69ms]
[2022-07-14T16:11:41.562Z] > git config --get commit.template [7ms]
[2022-07-14T16:11:58.493Z] > git symbolic-ref --short HEAD [6ms]
[2022-07-14T16:11:58.535Z] > git for-each-ref --format=%(refname)%00%(upstream:short)%00%(objectname)%00%(upstream:track) refs/heads/master refs/remotes/master [10ms]
[2022-07-14T16:11:58.594Z] > git for-each-ref --sort -committerdate --format %(refname) %(objectname) %(*objectname) [34ms]
[2022-07-14T16:11:58.595Z] > git remote --verbose [8ms]
[2022-07-14T16:11:58.623Z] > git config --get commit.template [5ms]
[2022-07-14T16:12:13.884Z] > git ls-files --stage -- /home/intcesar/Mytest/inventa.csv [8ms]
[2022-07-14T16:12:13.920Z] > git cat-file -s 192140426568576c39b1e7f023bd2ce49be26b4c [5ms]
[2022-07-14T16:12:16.750Z] > git ls-files --stage -- /home/intcesar/Mytest/ventas.csv [15ms]
[2022-07-14T16:12:16.798Z] > git cat-file -s 02eda43284342e3d1ea3ded4c1eebb4f1e555803 [8ms]
[2022-07-14T16:12:17.787Z] > git ls-files --stage -- /home/intcesar/Mytest/inventario.py [23ms]
[2022-07-14T16:12:17.827Z] > git cat-file -s 4ed54f060935f8464bcc4f990fa8df24f9bd6038 [11ms]
[2022-07-14T16:18:16.222Z] > git ls-files --stage -- /home/intcesar/Mytest/inventa.csv [3ms]
[2022-07-14T16:18:16.245Z] > git cat-file -s 192140426568576c39b1e7f023bd2ce49be26b4c [6ms]
[2022-07-14T16:20:11.227Z] > git symbolic-ref --short HEAD [6ms]
[2022-07-14T16:20:11.270Z] > git for-each-ref --format=%(refname)%00%(upstream:short)%00%(objectname)%00%(upstream:track) refs/heads/master refs/remotes/master [5ms]
[2022-07-14T16:20:11.373Z] > git for-each-ref --sort -committerdate --format %(refname) %(objectname) %(*objectname) [58ms]
[2022-07-14T16:20:11.381Z] > git remote --verbose [15ms]
[2022-07-14T16:20:11.444Z] > git config --get commit.template [8ms]
[2022-07-14T16:20:14.623Z] > git ls-files --stage -- /home/intcesar/Mytest/ventas.csv [8ms]
[2022-07-14T16:20:14.666Z] > git cat-file -s 02eda43284342e3d1ea3ded4c1eebb4f1e555803 [10ms]
[2022-07-14T16:20:16.378Z] > git ls-files --stage -- /home/intcesar/Mytest/inventa.csv [2ms]
[2022-07-14T16:20:16.417Z] > git cat-file -s 192140426568576c39b1e7f023bd2ce49be26b4c [8ms]
[2022-07-14T16:20:16.544Z] > git symbolic-ref --short HEAD [9ms]
[2022-07-14T16:20:16.562Z] > git for-each-ref --format=%(refname)%00%(upstream:short)%00%(objectname)%00%(upstream:track) refs/heads/master refs/remotes/master [3ms]
[2022-07-14T16:20:16.617Z] > git for-each-ref --sort -committerdate --format %(refname) %(objectname) %(*objectname) [25ms]
[2022-07-14T16:20:16.622Z] > git remote --verbose [7ms]
[2022-07-14T16:20:16.657Z] > git config --get commit.template [7ms]
[2022-07-14T16:20:52.758Z] > git symbolic-ref --short HEAD [14ms]
[2022-07-14T16:20:52.819Z] > git for-each-ref --format=%(refname)%00%(upstream:short)%00%(objectname)%00%(upstream:track) refs/heads/master refs/remotes/master [10ms]
[2022-07-14T16:20:52.908Z] > git remote --verbose [7ms]
[2022-07-14T16:20:52.911Z] > git for-each-ref --sort -committerdate --format %(refname) %(objectname) %(*objectname) [49ms]
[2022-07-14T16:20:52.967Z] > git config --get commit.template [7ms]
[2022-07-14T16:20:56.343Z] > git ls-files --stage -- /home/intcesar/Mytest/ventas.csv [7ms]
[2022-07-14T16:20:56.383Z] > git cat-file -s 02eda43284342e3d1ea3ded4c1eebb4f1e555803 [5ms]
[2022-07-14T16:20:59.134Z] > git ls-files --stage -- /home/intcesar/Mytest/inventario.py [21ms]
[2022-07-14T16:20:59.168Z] > git cat-file -s 4ed54f060935f8464bcc4f990fa8df24f9bd6038 [6ms]
[2022-07-14T16:26:49.790Z] > git symbolic-ref --short HEAD [7ms]
[2022-07-14T16:26:49.843Z] > git for-each-ref --format=%(refname)%00%(upstream:short)%00%(objectname)%00%(upstream:track) refs/heads/master refs/remotes/master [16ms]
[2022-07-14T16:26:49.921Z] > git remote --verbose [9ms]
[2022-07-14T16:26:49.924Z] > git for-each-ref --sort -committerdate --format %(refname) %(objectname) %(*objectname) [46ms]
[2022-07-14T16:26:49.974Z] > git config --get commit.template [8ms]
[2022-07-14T16:27:53.856Z] > git symbolic-ref --short HEAD [8ms]
[2022-07-14T16:27:53.900Z] > git for-each-ref --format=%(refname)%00%(upstream:short)%00%(objectname)%00%(upstream:track) refs/heads/master refs/remotes/master [10ms]
[2022-07-14T16:27:53.979Z] > git remote --verbose [7ms]
[2022-07-14T16:27:53.981Z] > git for-each-ref --sort -committerdate --format %(refname) %(objectname) %(*objectname) [43ms]
[2022-07-14T16:27:54.034Z] > git config --get commit.template [7ms]
[2022-07-14T16:28:14.573Z] > git symbolic-ref --short HEAD [14ms]
[2022-07-14T16:28:14.618Z] > git for-each-ref --format=%(refname)%00%(upstream:short)%00%(objectname)%00%(upstream:track) refs/heads/master refs/remotes/master [4ms]
[2022-07-14T16:28:14.686Z] > git remote --verbose [5ms]
[2022-07-14T16:28:14.688Z] > git for-each-ref --sort -committerdate --format %(refname) %(objectname) %(*objectname) [38ms]
[2022-07-14T16:28:14.740Z] > git config --get commit.template [10ms]
[2022-07-14T16:28:16.672Z] > git ls-files --stage -- /home/intcesar/Mytest/inventa.csv [12ms]
[2022-07-14T16:28:16.727Z] > git cat-file -s 192140426568576c39b1e7f023bd2ce49be26b4c [9ms]
[2022-07-14T16:28:19.870Z] > git symbolic-ref --short HEAD [7ms]
[2022-07-14T16:28:19.927Z] > git for-each-ref --format=%(refname)%00%(upstream:short)%00%(objectname)%00%(upstream:track) refs/heads/master refs/remotes/master [7ms]
[2022-07-14T16:28:20.002Z] > git for-each-ref --sort -committerdate --format %(refname) %(objectname) %(*objectname) [36ms]
[2022-07-14T16:28:20.007Z] > git remote --verbose [8ms]
[2022-07-14T16:28:20.058Z] > git config --get commit.template [4ms]
[2022-07-14T16:28:26.005Z] > git ls-files --stage -- /home/intcesar/Mytest/inventario.py [10ms]
[2022-07-14T16:28:26.044Z] > git cat-file -s 4ed54f060935f8464bcc4f990fa8df24f9bd6038 [9ms]
[2022-07-14T16:28:54.615Z] > git symbolic-ref --short HEAD [7ms]
[2022-07-14T16:28:54.663Z] > git for-each-ref --format=%(refname)%00%(upstream:short)%00%(objectname)%00%(upstream:track) refs/heads/master refs/remotes/master [7ms]
[2022-07-14T16:28:54.756Z] > git remote --verbose [6ms]
[2022-07-14T16:28:54.757Z] > git for-each-ref --sort -committerdate --format %(refname) %(objectname) %(*objectname) [51ms]
[2022-07-14T16:28:54.812Z] > git config --get commit.template [5ms]
[2022-07-14T16:28:59.716Z] > git ls-files --stage -- /home/intcesar/Mytest/inventa.csv [6ms]
[2022-07-14T16:28:59.751Z] > git cat-file -s 192140426568576c39b1e7f023bd2ce49be26b4c [8ms]
[2022-07-14T16:29:46.086Z] > git log --format=%H%n%aN%n%aE%n%at%n%ct%n%P%n%B -z -n21 -- /home/intcesar/Mytest/ventas.csv [9ms]
[2022-07-14T16:29:46.176Z] > git ls-files --stage -- /home/intcesar/Mytest/ventas.csv [6ms]
[2022-07-14T16:29:46.209Z] > git cat-file -s 02eda43284342e3d1ea3ded4c1eebb4f1e555803 [8ms]
[2022-07-14T16:29:48.058Z] > git ls-files --stage -- /home/intcesar/Mytest/inventario.py [11ms]
[2022-07-14T16:29:48.110Z] > git cat-file -s 4ed54f060935f8464bcc4f990fa8df24f9bd6038 [10ms]
[2022-07-14T16:30:12.528Z] > git ls-files --stage -- /home/intcesar/Mytest/inventa.csv [7ms]
[2022-07-14T16:30:12.561Z] > git cat-file -s 192140426568576c39b1e7f023bd2ce49be26b4c [7ms]
[2022-07-14T16:30:57.779Z] > git symbolic-ref --short HEAD [5ms]
[2022-07-14T16:30:57.833Z] > git for-each-ref --format=%(refname)%00%(upstream:short)%00%(objectname)%00%(upstream:track) refs/heads/master refs/remotes/master [6ms]
[2022-07-14T16:30:57.938Z] > git remote --verbose [20ms]
[2022-07-14T16:30:57.939Z] > git for-each-ref --sort -committerdate --format %(refname) %(objectname) %(*objectname) [64ms]
[2022-07-14T16:30:58.009Z] > git config --get commit.template [12ms]
[2022-07-14T16:31:03.033Z] > git ls-files --stage -- /home/intcesar/Mytest/inventario.py [6ms]
[2022-07-14T16:31:03.071Z] > git cat-file -s 4ed54f060935f8464bcc4f990fa8df24f9bd6038 [7ms]
[2022-07-14T16:41:20.093Z] > git ls-files --stage -- /home/intcesar/Mytest/inventa.csv [7ms]
[2022-07-14T16:41:20.138Z] > git cat-file -s 192140426568576c39b1e7f023bd2ce49be26b4c [8ms]
[2022-07-14T16:41:27.177Z] > git ls-files --stage -- /home/intcesar/Mytest/inventario.py [10ms]
[2022-07-14T16:41:27.216Z] > git cat-file -s 4ed54f060935f8464bcc4f990fa8df24f9bd6038 [8ms]
