[2022-07-09T18:54:26.286Z] La validación encontró GIT en: git
[2022-07-09T18:54:26.446Z] Usando GIT  de git
[2022-07-09T18:54:26.539Z] > git rev-parse --git-dir [15ms]
[2022-07-09T18:54:26.585Z] Open repository: /home/intcesar/Mytest
[2022-07-09T18:54:26.816Z] > git symbolic-ref --short HEAD [26ms]
[2022-07-09T18:54:26.912Z] > git for-each-ref --format=%(refname)%00%(upstream:short)%00%(objectname)%00%(upstream:track) refs/heads/master refs/remotes/master [64ms]
[2022-07-09T18:54:27.120Z] > git remote --verbose [131ms]
[2022-07-09T18:54:27.124Z] > git for-each-ref --sort -committerdate --format %(refname) %(objectname) %(*objectname) [176ms]
[2022-07-09T18:54:27.368Z] > git config --get commit.template [134ms]
[2022-07-09T18:54:27.385Z] > git ls-files --stage -- /home/intcesar/Mytest/inventario.py [48ms]
[2022-07-09T18:54:27.504Z] > git cat-file -s 4ed54f060935f8464bcc4f990fa8df24f9bd6038 [94ms]
[2022-07-09T19:31:50.445Z] > git symbolic-ref --short HEAD [6ms]
[2022-07-09T19:31:50.478Z] > git for-each-ref --format=%(refname)%00%(upstream:short)%00%(objectname)%00%(upstream:track) refs/heads/master refs/remotes/master [12ms]
[2022-07-09T19:31:50.619Z] > git remote --verbose [17ms]
[2022-07-09T19:31:50.624Z] > git for-each-ref --sort -committerdate --format %(refname) %(objectname) %(*objectname) [82ms]
[2022-07-09T19:31:50.675Z] > git config --get commit.template [14ms]
[2022-07-09T19:34:29.266Z] > git symbolic-ref --short HEAD [7ms]
[2022-07-09T19:34:29.325Z] > git for-each-ref --format=%(refname)%00%(upstream:short)%00%(objectname)%00%(upstream:track) refs/heads/master refs/remotes/master [8ms]
[2022-07-09T19:34:29.417Z] > git remote --verbose [15ms]
[2022-07-09T19:34:29.423Z] > git for-each-ref --sort -committerdate --format %(refname) %(objectname) %(*objectname) [63ms]
[2022-07-09T19:34:29.468Z] > git config --get commit.template [7ms]
[2022-07-09T21:29:04.453Z] > git ls-files --stage -- /home/intcesar/Mytest/inventa.csv [9ms]
[2022-07-09T21:29:04.478Z] > git cat-file -s 192140426568576c39b1e7f023bd2ce49be26b4c [7ms]
[2022-07-09T21:29:05.463Z] > git ls-files --stage -- /home/intcesar/Mytest/ventas.csv [8ms]
[2022-07-09T21:29:05.504Z] > git cat-file -s 02eda43284342e3d1ea3ded4c1eebb4f1e555803 [6ms]
[2022-07-09T21:29:38.567Z] > git ls-files --stage -- /home/intcesar/Mytest/inventario.py [4ms]
[2022-07-09T21:29:38.600Z] > git cat-file -s 4ed54f060935f8464bcc4f990fa8df24f9bd6038 [7ms]
[2022-07-09T21:30:48.818Z] > git symbolic-ref --short HEAD [4ms]
[2022-07-09T21:30:48.854Z] > git for-each-ref --format=%(refname)%00%(upstream:short)%00%(objectname)%00%(upstream:track) refs/heads/master refs/remotes/master [8ms]
[2022-07-09T21:30:48.912Z] > git for-each-ref --sort -committerdate --format %(refname) %(objectname) %(*objectname) [29ms]
[2022-07-09T21:30:48.917Z] > git remote --verbose [10ms]
[2022-07-09T21:30:48.969Z] > git config --get commit.template [7ms]
[2022-07-09T21:30:59.671Z] > git symbolic-ref --short HEAD [7ms]
[2022-07-09T21:30:59.714Z] > git for-each-ref --format=%(refname)%00%(upstream:short)%00%(objectname)%00%(upstream:track) refs/heads/master refs/remotes/master [7ms]
[2022-07-09T21:30:59.795Z] > git remote --verbose [11ms]
[2022-07-09T21:30:59.798Z] > git for-each-ref --sort -committerdate --format %(refname) %(objectname) %(*objectname) [45ms]
[2022-07-09T21:30:59.857Z] > git config --get commit.template [12ms]
[2022-07-09T21:40:32.224Z] > git symbolic-ref --short HEAD [7ms]
[2022-07-09T21:40:32.273Z] > git for-each-ref --format=%(refname)%00%(upstream:short)%00%(objectname)%00%(upstream:track) refs/heads/master refs/remotes/master [8ms]
[2022-07-09T21:40:32.368Z] > git remote --verbose [9ms]
[2022-07-09T21:40:32.371Z] > git for-each-ref --sort -committerdate --format %(refname) %(objectname) %(*objectname) [53ms]
[2022-07-09T21:40:32.420Z] > git config --get commit.template [5ms]
[2022-07-09T21:49:12.613Z] > git symbolic-ref --short HEAD [7ms]
[2022-07-09T21:49:12.663Z] > git for-each-ref --format=%(refname)%00%(upstream:short)%00%(objectname)%00%(upstream:track) refs/heads/master refs/remotes/master [5ms]
[2022-07-09T21:49:12.769Z] > git remote --verbose [14ms]
[2022-07-09T21:49:12.774Z] > git for-each-ref --sort -committerdate --format %(refname) %(objectname) %(*objectname) [63ms]
[2022-07-09T21:49:12.842Z] > git config --get commit.template [7ms]
[2022-07-09T21:50:42.464Z] > git ls-files --stage -- /home/intcesar/Mytest/ventas.csv [4ms]
[2022-07-09T21:50:42.487Z] > git cat-file -s 02eda43284342e3d1ea3ded4c1eebb4f1e555803 [5ms]
[2022-07-09T21:50:46.160Z] > git ls-files --stage -- /home/intcesar/Mytest/inventario.py [7ms]
[2022-07-09T21:50:46.202Z] > git cat-file -s 4ed54f060935f8464bcc4f990fa8df24f9bd6038 [8ms]
[2022-07-09T21:52:04.892Z] > git symbolic-ref --short HEAD [10ms]
[2022-07-09T21:52:04.946Z] > git for-each-ref --format=%(refname)%00%(upstream:short)%00%(objectname)%00%(upstream:track) refs/heads/master refs/remotes/master [15ms]
[2022-07-09T21:52:05.026Z] > git for-each-ref --sort -committerdate --format %(refname) %(objectname) %(*objectname) [41ms]
[2022-07-09T21:52:05.028Z] > git remote --verbose [9ms]
[2022-07-09T21:52:05.078Z] > git config --get commit.template [9ms]
[2022-07-09T21:52:50.671Z] > git symbolic-ref --short HEAD [12ms]
[2022-07-09T21:52:50.709Z] > git for-each-ref --format=%(refname)%00%(upstream:short)%00%(objectname)%00%(upstream:track) refs/heads/master refs/remotes/master [4ms]
[2022-07-09T21:52:50.776Z] > git remote --verbose [10ms]
[2022-07-09T21:52:50.778Z] > git for-each-ref --sort -committerdate --format %(refname) %(objectname) %(*objectname) [40ms]
[2022-07-09T21:52:50.828Z] > git config --get commit.template [9ms]
[2022-07-12T19:20:26.115Z] > git symbolic-ref --short HEAD [7ms]
[2022-07-12T19:20:26.177Z] > git for-each-ref --format=%(refname)%00%(upstream:short)%00%(objectname)%00%(upstream:track) refs/heads/master refs/remotes/master [8ms]
[2022-07-12T19:20:26.313Z] > git remote --verbose [7ms]
[2022-07-12T19:20:26.315Z] > git for-each-ref --sort -committerdate --format %(refname) %(objectname) %(*objectname) [56ms]
[2022-07-12T19:20:26.383Z] > git config --get commit.template [5ms]
[2022-07-12T19:25:18.112Z] > git symbolic-ref --short HEAD [5ms]
[2022-07-12T19:25:18.171Z] > git for-each-ref --format=%(refname)%00%(upstream:short)%00%(objectname)%00%(upstream:track) refs/heads/master refs/remotes/master [4ms]
[2022-07-12T19:25:18.293Z] > git remote --verbose [12ms]
[2022-07-12T19:25:18.295Z] > git for-each-ref --sort -committerdate --format %(refname) %(objectname) %(*objectname) [71ms]
[2022-07-12T19:25:18.369Z] > git config --get commit.template [8ms]
[2022-07-12T19:25:23.494Z] > git symbolic-ref --short HEAD [10ms]
[2022-07-12T19:25:23.549Z] > git for-each-ref --format=%(refname)%00%(upstream:short)%00%(objectname)%00%(upstream:track) refs/heads/master refs/remotes/master [3ms]
[2022-07-12T19:25:23.640Z] > git remote --verbose [5ms]
[2022-07-12T19:25:23.641Z] > git for-each-ref --sort -committerdate --format %(refname) %(objectname) %(*objectname) [47ms]
[2022-07-12T19:25:23.693Z] > git config --get commit.template [5ms]
[2022-07-12T19:25:58.107Z] > git ls-files --stage -- /home/intcesar/Mytest/ventas.csv [9ms]
[2022-07-12T19:25:58.142Z] > git cat-file -s 02eda43284342e3d1ea3ded4c1eebb4f1e555803 [6ms]
[2022-07-12T19:26:06.008Z] > git ls-files --stage -- /home/intcesar/Mytest/inventario.py [10ms]
[2022-07-12T19:26:06.048Z] > git cat-file -s 4ed54f060935f8464bcc4f990fa8df24f9bd6038 [7ms]
[2022-07-12T19:26:10.316Z] > git symbolic-ref --short HEAD [7ms]
[2022-07-12T19:26:10.363Z] > git for-each-ref --format=%(refname)%00%(upstream:short)%00%(objectname)%00%(upstream:track) refs/heads/master refs/remotes/master [7ms]
[2022-07-12T19:26:10.446Z] > git remote --verbose [5ms]
[2022-07-12T19:26:10.447Z] > git for-each-ref --sort -committerdate --format %(refname) %(objectname) %(*objectname) [52ms]
[2022-07-12T19:26:10.493Z] > git config --get commit.template [6ms]
[2022-07-12T19:28:03.978Z] > git symbolic-ref --short HEAD [4ms]
[2022-07-12T19:28:04.018Z] > git for-each-ref --format=%(refname)%00%(upstream:short)%00%(objectname)%00%(upstream:track) refs/heads/master refs/remotes/master [6ms]
[2022-07-12T19:28:04.095Z] > git for-each-ref --sort -committerdate --format %(refname) %(objectname) %(*objectname) [43ms]
[2022-07-12T19:28:04.099Z] > git remote --verbose [12ms]
[2022-07-12T19:28:04.155Z] > git config --get commit.template [6ms]
[2022-07-12T19:30:02.524Z] > git ls-files --stage -- /home/intcesar/Mytest/ventas.csv [6ms]
[2022-07-12T19:30:02.558Z] > git cat-file -s 02eda43284342e3d1ea3ded4c1eebb4f1e555803 [5ms]
[2022-07-12T19:30:08.394Z] > git ls-files --stage -- /home/intcesar/Mytest/inventario.py [9ms]
[2022-07-12T19:30:08.435Z] > git cat-file -s 4ed54f060935f8464bcc4f990fa8df24f9bd6038 [7ms]
[2022-07-12T19:30:17.932Z] > git symbolic-ref --short HEAD [5ms]
[2022-07-12T19:30:17.981Z] > git for-each-ref --format=%(refname)%00%(upstream:short)%00%(objectname)%00%(upstream:track) refs/heads/master refs/remotes/master [9ms]
[2022-07-12T19:30:18.062Z] > git for-each-ref --sort -committerdate --format %(refname) %(objectname) %(*objectname) [32ms]
[2022-07-12T19:30:18.063Z] > git remote --verbose [4ms]
[2022-07-12T19:30:18.098Z] > git config --get commit.template [7ms]
[2022-07-12T19:37:55.699Z] > git symbolic-ref --short HEAD [7ms]
[2022-07-12T19:37:55.747Z] > git for-each-ref --format=%(refname)%00%(upstream:short)%00%(objectname)%00%(upstream:track) refs/heads/master refs/remotes/master [10ms]
[2022-07-12T19:37:55.813Z] > git for-each-ref --sort -committerdate --format %(refname) %(objectname) %(*objectname) [35ms]
[2022-07-12T19:37:55.816Z] > git remote --verbose [9ms]
[2022-07-12T19:37:55.869Z] > git config --get commit.template [7ms]
[2022-07-12T19:54:43.753Z] > git symbolic-ref --short HEAD [2ms]
[2022-07-12T19:54:43.801Z] > git for-each-ref --format=%(refname)%00%(upstream:short)%00%(objectname)%00%(upstream:track) refs/heads/master refs/remotes/master [11ms]
[2022-07-12T19:54:43.908Z] > git remote --verbose [7ms]
[2022-07-12T19:54:43.910Z] > git for-each-ref --sort -committerdate --format %(refname) %(objectname) %(*objectname) [56ms]
[2022-07-12T19:54:43.965Z] > git config --get commit.template [8ms]
[2022-07-12T19:59:08.582Z] > git symbolic-ref --short HEAD [8ms]
[2022-07-12T19:59:08.643Z] > git for-each-ref --format=%(refname)%00%(upstream:short)%00%(objectname)%00%(upstream:track) refs/heads/master refs/remotes/master [11ms]
[2022-07-12T19:59:08.738Z] > git for-each-ref --sort -committerdate --format %(refname) %(objectname) %(*objectname) [57ms]
[2022-07-12T19:59:08.745Z] > git remote --verbose [16ms]
[2022-07-12T19:59:08.796Z] > git config --get commit.template [3ms]
[2022-07-12T20:15:01.373Z] > git symbolic-ref --short HEAD [4ms]
[2022-07-12T20:15:01.426Z] > git for-each-ref --format=%(refname)%00%(upstream:short)%00%(objectname)%00%(upstream:track) refs/heads/master refs/remotes/master [13ms]
[2022-07-12T20:15:01.515Z] > git remote --verbose [12ms]
[2022-07-12T20:15:01.517Z] > git for-each-ref --sort -committerdate --format %(refname) %(objectname) %(*objectname) [45ms]
[2022-07-12T20:15:01.565Z] > git config --get commit.template [6ms]
[2022-07-12T20:15:16.656Z] > git symbolic-ref --short HEAD [6ms]
[2022-07-12T20:15:16.718Z] > git for-each-ref --format=%(refname)%00%(upstream:short)%00%(objectname)%00%(upstream:track) refs/heads/master refs/remotes/master [14ms]
[2022-07-12T20:15:16.787Z] > git remote --verbose [5ms]
[2022-07-12T20:15:16.788Z] > git for-each-ref --sort -committerdate --format %(refname) %(objectname) %(*objectname) [40ms]
[2022-07-12T20:15:16.845Z] > git config --get commit.template [7ms]
[2022-07-12T20:15:22.253Z] > git symbolic-ref --short HEAD [7ms]
[2022-07-12T20:15:22.302Z] > git for-each-ref --format=%(refname)%00%(upstream:short)%00%(objectname)%00%(upstream:track) refs/heads/master refs/remotes/master [7ms]
[2022-07-12T20:15:22.374Z] > git for-each-ref --sort -committerdate --format %(refname) %(objectname) %(*objectname) [33ms]
[2022-07-12T20:15:22.380Z] > git remote --verbose [8ms]
[2022-07-12T20:15:22.424Z] > git config --get commit.template [6ms]
[2022-07-12T20:16:25.972Z] > git symbolic-ref --short HEAD [4ms]
[2022-07-12T20:16:26.027Z] > git for-each-ref --format=%(refname)%00%(upstream:short)%00%(objectname)%00%(upstream:track) refs/heads/master refs/remotes/master [11ms]
[2022-07-12T20:16:26.102Z] > git for-each-ref --sort -committerdate --format %(refname) %(objectname) %(*objectname) [43ms]
[2022-07-12T20:16:26.105Z] > git remote --verbose [9ms]
[2022-07-12T20:16:26.154Z] > git config --get commit.template [8ms]
[2022-07-12T20:23:10.110Z] > git symbolic-ref --short HEAD [5ms]
[2022-07-12T20:23:10.203Z] > git for-each-ref --format=%(refname)%00%(upstream:short)%00%(objectname)%00%(upstream:track) refs/heads/master refs/remotes/master [21ms]
[2022-07-12T20:23:10.322Z] > git for-each-ref --sort -committerdate --format %(refname) %(objectname) %(*objectname) [45ms]
[2022-07-12T20:23:10.326Z] > git remote --verbose [8ms]
[2022-07-12T20:23:10.425Z] > git config --get commit.template [9ms]
[2022-07-12T20:58:26.740Z] > git ls-files --stage -- /home/intcesar/Mytest/ventas.csv [13ms]
[2022-07-12T20:58:26.785Z] > git cat-file -s 02eda43284342e3d1ea3ded4c1eebb4f1e555803 [4ms]
[2022-07-12T20:58:43.468Z] > git symbolic-ref --short HEAD [7ms]
[2022-07-12T20:58:43.524Z] > git for-each-ref --format=%(refname)%00%(upstream:short)%00%(objectname)%00%(upstream:track) refs/heads/master refs/remotes/master [2ms]
[2022-07-12T20:58:43.620Z] > git for-each-ref --sort -committerdate --format %(refname) %(objectname) %(*objectname) [52ms]
[2022-07-12T20:58:43.621Z] > git remote --verbose [9ms]
[2022-07-12T20:58:43.692Z] > git config --get commit.template [5ms]
[2022-07-12T20:58:47.040Z] > git ls-files --stage -- /home/intcesar/Mytest/inventario.py [11ms]
[2022-07-12T20:58:47.084Z] > git cat-file -s 4ed54f060935f8464bcc4f990fa8df24f9bd6038 [4ms]
[2022-07-12T20:58:48.843Z] > git symbolic-ref --short HEAD [5ms]
[2022-07-12T20:58:48.899Z] > git for-each-ref --format=%(refname)%00%(upstream:short)%00%(objectname)%00%(upstream:track) refs/heads/master refs/remotes/master [5ms]
[2022-07-12T20:58:49.014Z] > git remote --verbose [9ms]
[2022-07-12T20:58:49.016Z] > git for-each-ref --sort -committerdate --format %(refname) %(objectname) %(*objectname) [68ms]
[2022-07-12T20:58:49.094Z] > git config --get commit.template [7ms]
[2022-07-13T03:16:47.484Z] > git symbolic-ref --short HEAD [5ms]
[2022-07-13T03:16:47.537Z] > git for-each-ref --format=%(refname)%00%(upstream:short)%00%(objectname)%00%(upstream:track) refs/heads/master refs/remotes/master [8ms]
[2022-07-13T03:16:47.638Z] > git remote --verbose [14ms]
[2022-07-13T03:16:47.639Z] > git for-each-ref --sort -committerdate --format %(refname) %(objectname) %(*objectname) [53ms]
[2022-07-13T03:16:47.702Z] > git config --get commit.template [9ms]
[2022-07-13T03:21:13.127Z] > git ls-files --stage -- /home/intcesar/Mytest/inventario.py [8ms]
[2022-07-13T03:21:13.165Z] > git cat-file -s 4ed54f060935f8464bcc4f990fa8df24f9bd6038 [5ms]
[2022-07-13T03:21:15.567Z] > git symbolic-ref --short HEAD [7ms]
[2022-07-13T03:21:15.612Z] > git for-each-ref --format=%(refname)%00%(upstream:short)%00%(objectname)%00%(upstream:track) refs/heads/master refs/remotes/master [3ms]
[2022-07-13T03:21:15.690Z] > git for-each-ref --sort -committerdate --format %(refname) %(objectname) %(*objectname) [32ms]
[2022-07-13T03:21:15.692Z] > git remote --verbose [4ms]
[2022-07-13T03:21:15.743Z] > git config --get commit.template [10ms]
[2022-07-13T03:25:46.417Z] > git symbolic-ref --short HEAD [10ms]
[2022-07-13T03:25:46.464Z] > git for-each-ref --format=%(refname)%00%(upstream:short)%00%(objectname)%00%(upstream:track) refs/heads/master refs/remotes/master [8ms]
[2022-07-13T03:25:46.551Z] > git for-each-ref --sort -committerdate --format %(refname) %(objectname) %(*objectname) [47ms]
[2022-07-13T03:25:46.557Z] > git remote --verbose [14ms]
[2022-07-13T03:25:46.610Z] > git config --get commit.template [5ms]
[2022-07-13T03:34:57.675Z] > git ls-files --stage -- /home/intcesar/Mytest/ventas.csv [13ms]
[2022-07-13T03:34:57.721Z] > git cat-file -s 02eda43284342e3d1ea3ded4c1eebb4f1e555803 [8ms]
[2022-07-13T03:35:19.006Z] > git symbolic-ref --short HEAD [4ms]
[2022-07-13T03:35:19.048Z] > git for-each-ref --format=%(refname)%00%(upstream:short)%00%(objectname)%00%(upstream:track) refs/heads/master refs/remotes/master [4ms]
[2022-07-13T03:35:19.143Z] > git remote --verbose [12ms]
[2022-07-13T03:35:19.144Z] > git for-each-ref --sort -committerdate --format %(refname) %(objectname) %(*objectname) [50ms]
[2022-07-13T03:35:19.202Z] > git config --get commit.template [9ms]
[2022-07-13T03:35:20.484Z] > git ls-files --stage -- /home/intcesar/Mytest/inventario.py [6ms]
[2022-07-13T03:35:20.517Z] > git cat-file -s 4ed54f060935f8464bcc4f990fa8df24f9bd6038 [5ms]
[2022-07-13T03:37:02.650Z] > git symbolic-ref --short HEAD [8ms]
[2022-07-13T03:37:02.690Z] > git for-each-ref --format=%(refname)%00%(upstream:short)%00%(objectname)%00%(upstream:track) refs/heads/master refs/remotes/master [4ms]
[2022-07-13T03:37:02.770Z] > git for-each-ref --sort -committerdate --format %(refname) %(objectname) %(*objectname) [42ms]
[2022-07-13T03:37:02.774Z] > git remote --verbose [9ms]
[2022-07-13T03:37:02.840Z] > git config --get commit.template [7ms]
[2022-07-13T03:39:58.299Z] > git symbolic-ref --short HEAD [8ms]
[2022-07-13T03:39:58.363Z] > git for-each-ref --format=%(refname)%00%(upstream:short)%00%(objectname)%00%(upstream:track) refs/heads/master refs/remotes/master [8ms]
[2022-07-13T03:39:58.456Z] > git for-each-ref --sort -committerdate --format %(refname) %(objectname) %(*objectname) [50ms]
[2022-07-13T03:39:58.459Z] > git remote --verbose [10ms]
[2022-07-13T03:39:58.505Z] > git config --get commit.template [3ms]
[2022-07-13T03:41:26.396Z] > git symbolic-ref --short HEAD [4ms]
[2022-07-13T03:41:26.447Z] > git for-each-ref --format=%(refname)%00%(upstream:short)%00%(objectname)%00%(upstream:track) refs/heads/master refs/remotes/master [12ms]
[2022-07-13T03:41:26.532Z] > git for-each-ref --sort -committerdate --format %(refname) %(objectname) %(*objectname) [46ms]
[2022-07-13T03:41:26.535Z] > git remote --verbose [7ms]
[2022-07-13T03:41:26.580Z] > git config --get commit.template [5ms]
[2022-07-13T03:58:24.756Z] > git symbolic-ref --short HEAD [7ms]
[2022-07-13T03:58:24.821Z] > git for-each-ref --format=%(refname)%00%(upstream:short)%00%(objectname)%00%(upstream:track) refs/heads/master refs/remotes/master [8ms]
[2022-07-13T03:58:24.922Z] > git remote --verbose [5ms]
[2022-07-13T03:58:24.923Z] > git for-each-ref --sort -committerdate --format %(refname) %(objectname) %(*objectname) [46ms]
[2022-07-13T03:58:24.965Z] > git config --get commit.template [6ms]
[2022-07-13T03:59:50.343Z] > git symbolic-ref --short HEAD [7ms]
[2022-07-13T03:59:50.398Z] > git for-each-ref --format=%(refname)%00%(upstream:short)%00%(objectname)%00%(upstream:track) refs/heads/master refs/remotes/master [15ms]
[2022-07-13T03:59:50.472Z] > git for-each-ref --sort -committerdate --format %(refname) %(objectname) %(*objectname) [39ms]
[2022-07-13T03:59:50.474Z] > git remote --verbose [7ms]
[2022-07-13T03:59:50.515Z] > git config --get commit.template [6ms]
[2022-07-13T04:00:32.848Z] > git symbolic-ref --short HEAD [7ms]
[2022-07-13T04:00:32.904Z] > git for-each-ref --format=%(refname)%00%(upstream:short)%00%(objectname)%00%(upstream:track) refs/heads/master refs/remotes/master [9ms]
[2022-07-13T04:00:33.002Z] > git for-each-ref --sort -committerdate --format %(refname) %(objectname) %(*objectname) [49ms]
[2022-07-13T04:00:33.004Z] > git remote --verbose [7ms]
[2022-07-13T04:00:33.066Z] > git config --get commit.template [6ms]
[2022-07-13T04:00:34.159Z] > git ls-files --stage -- /home/intcesar/Mytest/lista_de_precios.csv [13ms]
[2022-07-13T04:00:34.218Z] > git cat-file -s 5d52659fd1507c6c68b9fb65546a30494e6bcc22 [8ms]
[2022-07-13T04:00:52.870Z] > git ls-files --stage -- /home/intcesar/Mytest/ventas.csv [14ms]
[2022-07-13T04:00:52.943Z] > git cat-file -s 02eda43284342e3d1ea3ded4c1eebb4f1e555803 [8ms]
[2022-07-13T04:00:57.600Z] > git ls-files --stage -- /home/intcesar/Mytest/inventa.csv [6ms]
[2022-07-13T04:00:57.648Z] > git cat-file -s 192140426568576c39b1e7f023bd2ce49be26b4c [3ms]
[2022-07-13T04:01:47.773Z] > git ls-files --stage -- /home/intcesar/Mytest/lista_de_precios.csv [14ms]
[2022-07-13T04:01:47.833Z] > git cat-file -s 5d52659fd1507c6c68b9fb65546a30494e6bcc22 [9ms]
[2022-07-13T04:01:51.239Z] > git ls-files --stage -- /home/intcesar/Mytest/inventario.py [2ms]
[2022-07-13T04:01:51.270Z] > git cat-file -s 4ed54f060935f8464bcc4f990fa8df24f9bd6038 [5ms]
[2022-07-13T04:03:39.453Z] > git ls-files --stage -- /home/intcesar/Mytest/lista_de_precios.csv [8ms]
[2022-07-13T04:03:39.501Z] > git cat-file -s 5d52659fd1507c6c68b9fb65546a30494e6bcc22 [7ms]
[2022-07-13T04:03:46.596Z] > git ls-files --stage -- /home/intcesar/Mytest/inventario.py [7ms]
[2022-07-13T04:03:46.624Z] > git cat-file -s 4ed54f060935f8464bcc4f990fa8df24f9bd6038 [4ms]
[2022-07-13T04:03:52.301Z] > git symbolic-ref --short HEAD [8ms]
[2022-07-13T04:03:52.352Z] > git for-each-ref --format=%(refname)%00%(upstream:short)%00%(objectname)%00%(upstream:track) refs/heads/master refs/remotes/master [4ms]
[2022-07-13T04:03:52.430Z] > git for-each-ref --sort -committerdate --format %(refname) %(objectname) %(*objectname) [44ms]
[2022-07-13T04:03:52.433Z] > git remote --verbose [8ms]
[2022-07-13T04:03:52.492Z] > git config --get commit.template [6ms]
[2022-07-13T04:10:11.246Z] > git symbolic-ref --short HEAD [5ms]
[2022-07-13T04:10:11.299Z] > git for-each-ref --format=%(refname)%00%(upstream:short)%00%(objectname)%00%(upstream:track) refs/heads/master refs/remotes/master [9ms]
[2022-07-13T04:10:11.376Z] > git remote --verbose [8ms]
[2022-07-13T04:10:11.378Z] > git for-each-ref --sort -committerdate --format %(refname) %(objectname) %(*objectname) [41ms]
[2022-07-13T04:10:11.433Z] > git config --get commit.template [11ms]
[2022-07-13T04:10:16.532Z] > git symbolic-ref --short HEAD [4ms]
[2022-07-13T04:10:16.588Z] > git for-each-ref --format=%(refname)%00%(upstream:short)%00%(objectname)%00%(upstream:track) refs/heads/master refs/remotes/master [13ms]
[2022-07-13T04:10:16.673Z] > git for-each-ref --sort -committerdate --format %(refname) %(objectname) %(*objectname) [40ms]
[2022-07-13T04:10:16.677Z] > git remote --verbose [8ms]
[2022-07-13T04:10:16.710Z] > git config --get commit.template [2ms]
[2022-07-13T04:10:49.969Z] > git symbolic-ref --short HEAD [11ms]
[2022-07-13T04:10:50.028Z] > git for-each-ref --format=%(refname)%00%(upstream:short)%00%(objectname)%00%(upstream:track) refs/heads/master refs/remotes/master [7ms]
[2022-07-13T04:10:50.124Z] > git remote --verbose [12ms]
[2022-07-13T04:10:50.125Z] > git for-each-ref --sort -committerdate --format %(refname) %(objectname) %(*objectname) [51ms]
[2022-07-13T04:10:50.190Z] > git config --get commit.template [6ms]
[2022-07-13T04:10:56.332Z] > git symbolic-ref --short HEAD [10ms]
[2022-07-13T04:10:56.385Z] > git for-each-ref --format=%(refname)%00%(upstream:short)%00%(objectname)%00%(upstream:track) refs/heads/master refs/remotes/master [2ms]
[2022-07-13T04:10:56.460Z] > git remote --verbose [8ms]
[2022-07-13T04:10:56.461Z] > git for-each-ref --sort -committerdate --format %(refname) %(objectname) %(*objectname) [42ms]
[2022-07-13T04:10:56.502Z] > git config --get commit.template [5ms]
[2022-07-13T04:10:57.560Z] > git ls-files --stage -- /home/intcesar/Mytest/lista_de_precios.csv [8ms]
[2022-07-13T04:10:57.600Z] > git cat-file -s 5d52659fd1507c6c68b9fb65546a30494e6bcc22 [10ms]
[2022-07-13T04:11:16.083Z] > git ls-files --stage -- /home/intcesar/Mytest/inventario.py [6ms]
[2022-07-13T04:11:16.112Z] > git cat-file -s 4ed54f060935f8464bcc4f990fa8df24f9bd6038 [5ms]
[2022-07-13T04:11:20.026Z] > git ls-files --stage -- /home/intcesar/Mytest/lista_de_precios.csv [9ms]
[2022-07-13T04:11:20.064Z] > git cat-file -s 5d52659fd1507c6c68b9fb65546a30494e6bcc22 [9ms]
[2022-07-13T04:11:24.937Z] > git ls-files --stage -- /home/intcesar/Mytest/inventario.py [9ms]
[2022-07-13T04:11:24.976Z] > git cat-file -s 4ed54f060935f8464bcc4f990fa8df24f9bd6038 [10ms]
[2022-07-13T04:11:27.865Z] > git ls-files --stage -- /home/intcesar/Mytest/lista_de_precios.csv [8ms]
[2022-07-13T04:11:27.907Z] > git cat-file -s 5d52659fd1507c6c68b9fb65546a30494e6bcc22 [7ms]
[2022-07-13T04:11:29.440Z] > git symbolic-ref --short HEAD [8ms]
[2022-07-13T04:11:29.478Z] > git for-each-ref --format=%(refname)%00%(upstream:short)%00%(objectname)%00%(upstream:track) refs/heads/master refs/remotes/master [5ms]
[2022-07-13T04:11:29.603Z] > git for-each-ref --sort -committerdate --format %(refname) %(objectname) %(*objectname) [91ms]
[2022-07-13T04:11:29.615Z] > git remote --verbose [67ms]
[2022-07-13T04:11:29.665Z] > git config --get commit.template [5ms]
[2022-07-13T04:11:30.057Z] > git ls-files --stage -- /home/intcesar/Mytest/inventario.py [9ms]
[2022-07-13T04:11:30.101Z] > git cat-file -s 4ed54f060935f8464bcc4f990fa8df24f9bd6038 [10ms]
[2022-07-13T04:12:17.611Z] > git symbolic-ref --short HEAD [10ms]
[2022-07-13T04:12:17.637Z] > git for-each-ref --format=%(refname)%00%(upstream:short)%00%(objectname)%00%(upstream:track) refs/heads/master refs/remotes/master [4ms]
[2022-07-13T04:12:17.686Z] > git for-each-ref --sort -committerdate --format %(refname) %(objectname) %(*objectname) [27ms]
[2022-07-13T04:12:17.696Z] > git remote --verbose [13ms]
[2022-07-13T04:12:17.727Z] > git config --get commit.template [5ms]
[2022-07-13T04:12:20.831Z] > git ls-files --stage -- /home/intcesar/Mytest/lista_de_precios.csv [7ms]
[2022-07-13T04:12:20.865Z] > git cat-file -s 5d52659fd1507c6c68b9fb65546a30494e6bcc22 [6ms]
[2022-07-13T04:12:22.846Z] > git symbolic-ref --short HEAD [3ms]
[2022-07-13T04:12:22.890Z] > git for-each-ref --format=%(refname)%00%(upstream:short)%00%(objectname)%00%(upstream:track) refs/heads/master refs/remotes/master [10ms]
[2022-07-13T04:12:22.970Z] > git for-each-ref --sort -committerdate --format %(refname) %(objectname) %(*objectname) [47ms]
[2022-07-13T04:12:22.972Z] > git remote --verbose [7ms]
[2022-07-13T04:12:23.023Z] > git config --get commit.template [5ms]
[2022-07-13T04:12:43.836Z] > git ls-files --stage -- /home/intcesar/Mytest/inventario.py [11ms]
[2022-07-13T04:12:43.872Z] > git cat-file -s 4ed54f060935f8464bcc4f990fa8df24f9bd6038 [5ms]
[2022-07-13T04:12:54.346Z] > git symbolic-ref --short HEAD [11ms]
[2022-07-13T04:12:54.408Z] > git for-each-ref --format=%(refname)%00%(upstream:short)%00%(objectname)%00%(upstream:track) refs/heads/master refs/remotes/master [7ms]
[2022-07-13T04:12:54.507Z] > git remote --verbose [11ms]
[2022-07-13T04:12:54.507Z] > git for-each-ref --sort -committerdate --format %(refname) %(objectname) %(*objectname) [59ms]
[2022-07-13T04:12:54.559Z] > git config --get commit.template [5ms]
[2022-07-13T04:12:56.684Z] > git ls-files --stage -- /home/intcesar/Mytest/lista_de_precios.csv [6ms]
[2022-07-13T04:12:56.733Z] > git cat-file -s 5d52659fd1507c6c68b9fb65546a30494e6bcc22 [12ms]
[2022-07-13T04:13:25.876Z] > git ls-files --stage -- /home/intcesar/Mytest/inventario.py [6ms]
[2022-07-13T04:13:25.913Z] > git cat-file -s 4ed54f060935f8464bcc4f990fa8df24f9bd6038 [6ms]
[2022-07-13T04:13:31.037Z] > git ls-files --stage -- /home/intcesar/Mytest/lista_de_precios.csv [7ms]
[2022-07-13T04:13:31.067Z] > git cat-file -s 5d52659fd1507c6c68b9fb65546a30494e6bcc22 [7ms]
[2022-07-13T04:13:33.403Z] > git ls-files --stage -- /home/intcesar/Mytest/inventario.py [7ms]
[2022-07-13T04:13:33.449Z] > git cat-file -s 4ed54f060935f8464bcc4f990fa8df24f9bd6038 [10ms]
[2022-07-13T04:13:40.192Z] > git symbolic-ref --short HEAD [10ms]
[2022-07-13T04:13:40.250Z] > git for-each-ref --format=%(refname)%00%(upstream:short)%00%(objectname)%00%(upstream:track) refs/heads/master refs/remotes/master [11ms]
[2022-07-13T04:13:40.353Z] > git for-each-ref --sort -committerdate --format %(refname) %(objectname) %(*objectname) [52ms]
[2022-07-13T04:13:40.355Z] > git remote --verbose [9ms]
[2022-07-13T04:13:40.430Z] > git config --get commit.template [7ms]
[2022-07-13T04:13:42.966Z] > git ls-files --stage -- /home/intcesar/Mytest/lista_de_precios.csv [10ms]
[2022-07-13T04:13:43.009Z] > git cat-file -s 5d52659fd1507c6c68b9fb65546a30494e6bcc22 [3ms]
[2022-07-13T04:13:45.567Z] > git symbolic-ref --short HEAD [15ms]
[2022-07-13T04:13:45.637Z] > git for-each-ref --format=%(refname)%00%(upstream:short)%00%(objectname)%00%(upstream:track) refs/heads/master refs/remotes/master [6ms]
[2022-07-13T04:13:45.751Z] > git for-each-ref --sort -committerdate --format %(refname) %(objectname) %(*objectname) [47ms]
[2022-07-13T04:13:45.762Z] > git remote --verbose [18ms]
[2022-07-13T04:13:45.839Z] > git config --get commit.template [35ms]
[2022-07-13T04:14:00.631Z] > git ls-files --stage -- /home/intcesar/Mytest/inventario.py [6ms]
[2022-07-13T04:14:00.668Z] > git cat-file -s 4ed54f060935f8464bcc4f990fa8df24f9bd6038 [4ms]
[2022-07-13T04:16:43.371Z] > git ls-files --stage -- /home/intcesar/Mytest/lista_de_precios.csv [5ms]
[2022-07-13T04:16:43.398Z] > git cat-file -s 5d52659fd1507c6c68b9fb65546a30494e6bcc22 [5ms]
[2022-07-13T04:16:50.858Z] > git ls-files --stage -- /home/intcesar/Mytest/inventario.py [12ms]
[2022-07-13T04:16:50.899Z] > git cat-file -s 4ed54f060935f8464bcc4f990fa8df24f9bd6038 [6ms]
[2022-07-13T04:17:29.977Z] > git ls-files --stage -- /home/intcesar/Mytest/lista_de_precios.csv [10ms]
[2022-07-13T04:17:30.019Z] > git cat-file -s 5d52659fd1507c6c68b9fb65546a30494e6bcc22 [5ms]
[2022-07-13T04:17:38.372Z] > git ls-files --stage -- /home/intcesar/Mytest/ventas.csv [13ms]
[2022-07-13T04:17:38.431Z] > git cat-file -s 02eda43284342e3d1ea3ded4c1eebb4f1e555803 [5ms]
[2022-07-13T04:17:40.084Z] > git ls-files --stage -- /home/intcesar/Mytest/inventa.csv [7ms]
[2022-07-13T04:17:40.126Z] > git cat-file -s 192140426568576c39b1e7f023bd2ce49be26b4c [6ms]
[2022-07-13T04:17:51.519Z] > git ls-files --stage -- /home/intcesar/Mytest/lista_de_precios.csv [9ms]
[2022-07-13T04:17:51.558Z] > git cat-file -s 5d52659fd1507c6c68b9fb65546a30494e6bcc22 [6ms]
[2022-07-13T04:17:53.147Z] > git ls-files --stage -- /home/intcesar/Mytest/inventario.py [15ms]
[2022-07-13T04:17:53.190Z] > git cat-file -s 4ed54f060935f8464bcc4f990fa8df24f9bd6038 [10ms]
[2022-07-13T04:17:56.082Z] > git ls-files --stage -- /home/intcesar/Mytest/inventa.csv [10ms]
[2022-07-13T04:17:56.123Z] > git cat-file -s 192140426568576c39b1e7f023bd2ce49be26b4c [8ms]
[2022-07-13T04:17:57.958Z] > git ls-files --stage -- /home/intcesar/Mytest/lista_de_precios.csv [10ms]
[2022-07-13T04:17:58.001Z] > git cat-file -s 5d52659fd1507c6c68b9fb65546a30494e6bcc22 [9ms]
[2022-07-13T04:18:00.064Z] > git ls-files --stage -- /home/intcesar/Mytest/ventas.csv [10ms]
[2022-07-13T04:18:00.114Z] > git cat-file -s 02eda43284342e3d1ea3ded4c1eebb4f1e555803 [7ms]
[2022-07-13T04:18:03.796Z] > git ls-files --stage -- /home/intcesar/Mytest/inventario.py [9ms]
[2022-07-13T04:18:03.836Z] > git cat-file -s 4ed54f060935f8464bcc4f990fa8df24f9bd6038 [9ms]
[2022-07-13T04:18:15.598Z] > git ls-files --stage -- /home/intcesar/Mytest/ventas.csv [7ms]
[2022-07-13T04:18:15.638Z] > git cat-file -s 02eda43284342e3d1ea3ded4c1eebb4f1e555803 [6ms]
[2022-07-13T04:18:20.442Z] > git ls-files --stage -- /home/intcesar/Mytest/inventario.py [19ms]
[2022-07-13T04:18:20.484Z] > git cat-file -s 4ed54f060935f8464bcc4f990fa8df24f9bd6038 [7ms]
[2022-07-13T04:18:21.930Z] > git ls-files --stage -- /home/intcesar/Mytest/inventa.csv [5ms]
[2022-07-13T04:18:21.995Z] > git cat-file -s 192140426568576c39b1e7f023bd2ce49be26b4c [10ms]
[2022-07-13T04:18:30.676Z] > git ls-files --stage -- /home/intcesar/Mytest/lista_de_precios.csv [5ms]
[2022-07-13T04:18:30.711Z] > git cat-file -s 5d52659fd1507c6c68b9fb65546a30494e6bcc22 [4ms]
[2022-07-13T04:18:32.829Z] > git ls-files --stage -- /home/intcesar/Mytest/inventa.csv [4ms]
[2022-07-13T04:18:32.882Z] > git cat-file -s 192140426568576c39b1e7f023bd2ce49be26b4c [8ms]
[2022-07-13T04:18:50.213Z] > git ls-files --stage -- /home/intcesar/Mytest/lista_de_precios.csv [4ms]
[2022-07-13T04:18:50.251Z] > git cat-file -s 5d52659fd1507c6c68b9fb65546a30494e6bcc22 [7ms]
[2022-07-13T04:18:52.895Z] > git ls-files --stage -- /home/intcesar/Mytest/inventa.csv [18ms]
[2022-07-13T04:18:52.933Z] > git cat-file -s 192140426568576c39b1e7f023bd2ce49be26b4c [3ms]
[2022-07-13T04:19:10.850Z] > git symbolic-ref --short HEAD [4ms]
[2022-07-13T04:19:10.915Z] > git for-each-ref --format=%(refname)%00%(upstream:short)%00%(objectname)%00%(upstream:track) refs/heads/master refs/remotes/master [13ms]
[2022-07-13T04:19:11.029Z] > git remote --verbose [7ms]
[2022-07-13T04:19:11.030Z] > git for-each-ref --sort -committerdate --format %(refname) %(objectname) %(*objectname) [62ms]
[2022-07-13T04:19:11.089Z] > git config --get commit.template [5ms]
[2022-07-13T04:19:11.632Z] > git ls-files --stage -- /home/intcesar/Mytest/lista_de_precios.csv [10ms]
[2022-07-13T04:19:11.676Z] > git cat-file -s 5d52659fd1507c6c68b9fb65546a30494e6bcc22 [8ms]
[2022-07-13T04:19:23.771Z] > git ls-files --stage -- /home/intcesar/Mytest/inventario.py [15ms]
[2022-07-13T04:19:23.824Z] > git cat-file -s 4ed54f060935f8464bcc4f990fa8df24f9bd6038 [7ms]
[2022-07-13T04:20:02.668Z] > git ls-files --stage -- /home/intcesar/Mytest/lista_de_precios.csv [5ms]
[2022-07-13T04:20:02.707Z] > git cat-file -s 5d52659fd1507c6c68b9fb65546a30494e6bcc22 [8ms]
[2022-07-13T04:20:06.456Z] > git ls-files --stage -- /home/intcesar/Mytest/inventario.py [11ms]
[2022-07-13T04:20:06.485Z] > git cat-file -s 4ed54f060935f8464bcc4f990fa8df24f9bd6038 [3ms]
[2022-07-13T04:20:35.337Z] > git symbolic-ref --short HEAD [8ms]
[2022-07-13T04:20:35.391Z] > git for-each-ref --format=%(refname)%00%(upstream:short)%00%(objectname)%00%(upstream:track) refs/heads/master refs/remotes/master [1ms]
[2022-07-13T04:20:35.478Z] > git remote --verbose [5ms]
[2022-07-13T04:20:35.479Z] > git for-each-ref --sort -committerdate --format %(refname) %(objectname) %(*objectname) [52ms]
[2022-07-13T04:20:35.523Z] > git config --get commit.template [7ms]
[2022-07-13T04:20:39.738Z] > git ls-files --stage -- /home/intcesar/Mytest/lista_de_precios.csv [7ms]
[2022-07-13T04:20:39.779Z] > git cat-file -s 5d52659fd1507c6c68b9fb65546a30494e6bcc22 [4ms]
[2022-07-13T04:20:56.518Z] > git ls-files --stage -- /home/intcesar/Mytest/inventario.py [7ms]
[2022-07-13T04:20:56.555Z] > git cat-file -s 4ed54f060935f8464bcc4f990fa8df24f9bd6038 [8ms]
[2022-07-13T13:50:15.732Z] > git ls-files --stage -- /home/intcesar/Mytest/lista_de_precios.csv [9ms]
[2022-07-13T13:50:15.781Z] > git cat-file -s 5d52659fd1507c6c68b9fb65546a30494e6bcc22 [10ms]
[2022-07-13T13:50:19.988Z] > git ls-files --stage -- /home/intcesar/Mytest/inventario.py [4ms]
[2022-07-13T13:50:20.029Z] > git cat-file -s 4ed54f060935f8464bcc4f990fa8df24f9bd6038 [7ms]
[2022-07-13T13:55:07.146Z] > git symbolic-ref --short HEAD [13ms]
[2022-07-13T13:55:07.222Z] > git for-each-ref --format=%(refname)%00%(upstream:short)%00%(objectname)%00%(upstream:track) refs/heads/master refs/remotes/master [14ms]
[2022-07-13T13:55:07.359Z] > git for-each-ref --sort -committerdate --format %(refname) %(objectname) %(*objectname) [69ms]
[2022-07-13T13:55:07.363Z] > git remote --verbose [17ms]
[2022-07-13T13:55:07.449Z] > git config --get commit.template [15ms]
[2022-07-13T13:58:28.348Z] > git symbolic-ref --short HEAD [7ms]
[2022-07-13T13:58:28.388Z] > git for-each-ref --format=%(refname)%00%(upstream:short)%00%(objectname)%00%(upstream:track) refs/heads/master refs/remotes/master [8ms]
[2022-07-13T13:58:28.449Z] > git remote --verbose [11ms]
[2022-07-13T13:58:28.450Z] > git for-each-ref --sort -committerdate --format %(refname) %(objectname) %(*objectname) [37ms]
[2022-07-13T13:58:28.495Z] > git config --get commit.template [6ms]
[2022-07-13T14:00:06.373Z] > git symbolic-ref --short HEAD [7ms]
[2022-07-13T14:00:06.422Z] > git for-each-ref --format=%(refname)%00%(upstream:short)%00%(objectname)%00%(upstream:track) refs/heads/master refs/remotes/master [11ms]
[2022-07-13T14:00:06.518Z] > git remote --verbose [18ms]
[2022-07-13T14:00:06.523Z] > git for-each-ref --sort -committerdate --format %(refname) %(objectname) %(*objectname) [65ms]
[2022-07-13T14:00:06.625Z] > git config --get commit.template [9ms]
[2022-07-13T14:00:12.183Z] > git ls-files --stage -- /home/intcesar/Mytest/lista_de_precios.csv [13ms]
[2022-07-13T14:00:12.229Z] > git cat-file -s 5d52659fd1507c6c68b9fb65546a30494e6bcc22 [4ms]
[2022-07-13T14:00:13.828Z] > git symbolic-ref --short HEAD [8ms]
[2022-07-13T14:00:13.895Z] > git for-each-ref --format=%(refname)%00%(upstream:short)%00%(objectname)%00%(upstream:track) refs/heads/master refs/remotes/master [8ms]
[2022-07-13T14:00:13.975Z] > git remote --verbose [7ms]
[2022-07-13T14:00:13.976Z] > git for-each-ref --sort -committerdate --format %(refname) %(objectname) %(*objectname) [43ms]
[2022-07-13T14:00:14.022Z] > git config --get commit.template [8ms]
[2022-07-13T14:00:30.992Z] > git ls-files --stage -- /home/intcesar/Mytest/inventario.py [7ms]
[2022-07-13T14:00:31.022Z] > git cat-file -s 4ed54f060935f8464bcc4f990fa8df24f9bd6038 [6ms]
[2022-07-13T14:00:34.744Z] > git ls-files --stage -- /home/intcesar/Mytest/lista_de_precios.csv [9ms]
[2022-07-13T14:00:34.807Z] > git cat-file -s 5d52659fd1507c6c68b9fb65546a30494e6bcc22 [6ms]
[2022-07-13T14:00:40.745Z] > git ls-files --stage -- /home/intcesar/Mytest/inventario.py [10ms]
[2022-07-13T14:00:40.795Z] > git cat-file -s 4ed54f060935f8464bcc4f990fa8df24f9bd6038 [10ms]
[2022-07-13T14:01:06.601Z] > git symbolic-ref --short HEAD [9ms]
[2022-07-13T14:01:06.667Z] > git for-each-ref --format=%(refname)%00%(upstream:short)%00%(objectname)%00%(upstream:track) refs/heads/master refs/remotes/master [23ms]
[2022-07-13T14:01:06.734Z] > git for-each-ref --sort -committerdate --format %(refname) %(objectname) %(*objectname) [35ms]
[2022-07-13T14:01:06.736Z] > git remote --verbose [7ms]
[2022-07-13T14:01:06.786Z] > git config --get commit.template [11ms]
[2022-07-13T14:01:09.110Z] > git ls-files --stage -- /home/intcesar/Mytest/lista_de_precios.csv [6ms]
[2022-07-13T14:01:09.141Z] > git cat-file -s 5d52659fd1507c6c68b9fb65546a30494e6bcc22 [7ms]
[2022-07-13T14:01:11.977Z] > git symbolic-ref --short HEAD [13ms]
[2022-07-13T14:01:12.041Z] > git for-each-ref --format=%(refname)%00%(upstream:short)%00%(objectname)%00%(upstream:track) refs/heads/master refs/remotes/master [12ms]
[2022-07-13T14:01:12.155Z] > git for-each-ref --sort -committerdate --format %(refname) %(objectname) %(*objectname) [60ms]
[2022-07-13T14:01:12.160Z] > git remote --verbose [10ms]
[2022-07-13T14:01:12.224Z] > git config --get commit.template [8ms]
[2022-07-13T14:01:17.775Z] > git ls-files --stage -- /home/intcesar/Mytest/inventario.py [5ms]
[2022-07-13T14:01:17.811Z] > git cat-file -s 4ed54f060935f8464bcc4f990fa8df24f9bd6038 [7ms]
[2022-07-13T14:02:11.573Z] > git symbolic-ref --short HEAD [10ms]
[2022-07-13T14:02:11.636Z] > git for-each-ref --format=%(refname)%00%(upstream:short)%00%(objectname)%00%(upstream:track) refs/heads/master refs/remotes/master [13ms]
[2022-07-13T14:02:11.721Z] > git for-each-ref --sort -committerdate --format %(refname) %(objectname) %(*objectname) [41ms]
[2022-07-13T14:02:11.723Z] > git remote --verbose [8ms]
[2022-07-13T14:02:11.771Z] > git config --get commit.template [5ms]
[2022-07-13T14:02:16.923Z] > git symbolic-ref --short HEAD [11ms]
[2022-07-13T14:02:16.978Z] > git for-each-ref --format=%(refname)%00%(upstream:short)%00%(objectname)%00%(upstream:track) refs/heads/master refs/remotes/master [10ms]
[2022-07-13T14:02:17.064Z] > git for-each-ref --sort -committerdate --format %(refname) %(objectname) %(*objectname) [39ms]
[2022-07-13T14:02:17.067Z] > git remote --verbose [5ms]
[2022-07-13T14:02:17.094Z] > git config --get commit.template [4ms]
[2022-07-13T14:03:11.169Z] > git symbolic-ref --short HEAD [15ms]
[2022-07-13T14:03:11.237Z] > git for-each-ref --format=%(refname)%00%(upstream:short)%00%(objectname)%00%(upstream:track) refs/heads/master refs/remotes/master [12ms]
[2022-07-13T14:03:11.356Z] > git for-each-ref --sort -committerdate --format %(refname) %(objectname) %(*objectname) [63ms]
[2022-07-13T14:03:11.363Z] > git remote --verbose [19ms]
[2022-07-13T14:03:11.443Z] > git config --get commit.template [8ms]
[2022-07-13T14:03:14.016Z] > git ls-files --stage -- /home/intcesar/Mytest/lista_de_precios.csv [9ms]
[2022-07-13T14:03:14.063Z] > git cat-file -s 5d52659fd1507c6c68b9fb65546a30494e6bcc22 [11ms]
[2022-07-13T14:03:19.630Z] > git symbolic-ref --short HEAD [15ms]
[2022-07-13T14:03:19.686Z] > git for-each-ref --format=%(refname)%00%(upstream:short)%00%(objectname)%00%(upstream:track) refs/heads/master refs/remotes/master [13ms]
[2022-07-13T14:03:19.761Z] > git for-each-ref --sort -committerdate --format %(refname) %(objectname) %(*objectname) [46ms]
[2022-07-13T14:03:19.770Z] > git remote --verbose [11ms]
[2022-07-13T14:03:19.842Z] > git config --get commit.template [9ms]
[2022-07-13T14:03:23.638Z] > git ls-files --stage -- /home/intcesar/Mytest/inventario.py [11ms]
[2022-07-13T14:03:23.684Z] > git cat-file -s 4ed54f060935f8464bcc4f990fa8df24f9bd6038 [8ms]
[2022-07-13T14:03:38.041Z] > git symbolic-ref --short HEAD [5ms]
[2022-07-13T14:03:38.077Z] > git for-each-ref --format=%(refname)%00%(upstream:short)%00%(objectname)%00%(upstream:track) refs/heads/master refs/remotes/master [11ms]
[2022-07-13T14:03:38.149Z] > git for-each-ref --sort -committerdate --format %(refname) %(objectname) %(*objectname) [37ms]
[2022-07-13T14:03:38.150Z] > git remote --verbose [6ms]
[2022-07-13T14:03:38.190Z] > git config --get commit.template [5ms]
[2022-07-13T14:03:43.270Z] > git symbolic-ref --short HEAD [8ms]
[2022-07-13T14:03:43.317Z] > git for-each-ref --format=%(refname)%00%(upstream:short)%00%(objectname)%00%(upstream:track) refs/heads/master refs/remotes/master [9ms]
[2022-07-13T14:03:43.385Z] > git for-each-ref --sort -committerdate --format %(refname) %(objectname) %(*objectname) [33ms]
[2022-07-13T14:03:43.387Z] > git remote --verbose [5ms]
[2022-07-13T14:03:43.426Z] > git config --get commit.template [4ms]
[2022-07-13T14:03:57.195Z] > git symbolic-ref --short HEAD [27ms]
[2022-07-13T14:03:57.376Z] > git for-each-ref --format=%(refname)%00%(upstream:short)%00%(objectname)%00%(upstream:track) refs/heads/master refs/remotes/master [132ms]
[2022-07-13T14:03:57.452Z] > git remote --verbose [5ms]
[2022-07-13T14:03:57.467Z] > git for-each-ref --sort -committerdate --format %(refname) %(objectname) %(*objectname) [58ms]
[2022-07-13T14:03:57.644Z] > git config --get commit.template [8ms]
[2022-07-13T14:04:14.117Z] > git ls-files --stage -- /home/intcesar/Mytest/lista_de_precios.csv [57ms]
[2022-07-13T14:04:14.157Z] > git cat-file -s 5d52659fd1507c6c68b9fb65546a30494e6bcc22 [6ms]
[2022-07-13T14:04:17.927Z] > git ls-files --stage -- /home/intcesar/Mytest/inventario.py [8ms]
[2022-07-13T14:04:17.973Z] > git cat-file -s 4ed54f060935f8464bcc4f990fa8df24f9bd6038 [8ms]
[2022-07-13T14:04:20.041Z] > git symbolic-ref --short HEAD [9ms]
[2022-07-13T14:04:20.100Z] > git for-each-ref --format=%(refname)%00%(upstream:short)%00%(objectname)%00%(upstream:track) refs/heads/master refs/remotes/master [14ms]
[2022-07-13T14:04:20.187Z] > git for-each-ref --sort -committerdate --format %(refname) %(objectname) %(*objectname) [39ms]
[2022-07-13T14:04:20.189Z] > git remote --verbose [6ms]
[2022-07-13T14:04:20.232Z] > git config --get commit.template [5ms]
[2022-07-13T14:04:29.848Z] > git symbolic-ref --short HEAD [23ms]
[2022-07-13T14:04:29.903Z] > git for-each-ref --format=%(refname)%00%(upstream:short)%00%(objectname)%00%(upstream:track) refs/heads/master refs/remotes/master [13ms]
[2022-07-13T14:04:29.994Z] > git for-each-ref --sort -committerdate --format %(refname) %(objectname) %(*objectname) [37ms]
[2022-07-13T14:04:29.995Z] > git remote --verbose [5ms]
[2022-07-13T14:04:30.034Z] > git config --get commit.template [4ms]
[2022-07-13T14:05:23.549Z] > git symbolic-ref --short HEAD [9ms]
[2022-07-13T14:05:23.618Z] > git for-each-ref --format=%(refname)%00%(upstream:short)%00%(objectname)%00%(upstream:track) refs/heads/master refs/remotes/master [14ms]
[2022-07-13T14:05:23.701Z] > git for-each-ref --sort -committerdate --format %(refname) %(objectname) %(*objectname) [31ms]
[2022-07-13T14:05:23.704Z] > git remote --verbose [5ms]
[2022-07-13T14:05:23.740Z] > git config --get commit.template [5ms]
[2022-07-13T14:05:28.939Z] > git ls-files --stage -- /home/intcesar/Mytest/lista_de_precios.csv [170ms]
[2022-07-13T14:05:28.986Z] > git cat-file -s 5d52659fd1507c6c68b9fb65546a30494e6bcc22 [11ms]
[2022-07-13T14:05:33.997Z] > git symbolic-ref --short HEAD [9ms]
[2022-07-13T14:05:34.054Z] > git for-each-ref --format=%(refname)%00%(upstream:short)%00%(objectname)%00%(upstream:track) refs/heads/master refs/remotes/master [10ms]
[2022-07-13T14:05:34.150Z] > git remote --verbose [7ms]
[2022-07-13T14:05:34.151Z] > git for-each-ref --sort -committerdate --format %(refname) %(objectname) %(*objectname) [48ms]
[2022-07-13T14:05:34.233Z] > git config --get commit.template [7ms]
[2022-07-13T14:05:41.349Z] > git ls-files --stage -- /home/intcesar/Mytest/inventario.py [3ms]
[2022-07-13T14:05:41.386Z] > git cat-file -s 4ed54f060935f8464bcc4f990fa8df24f9bd6038 [9ms]
[2022-07-13T14:05:48.398Z] > git ls-files --stage -- /home/intcesar/Mytest/lista_de_precios.csv [7ms]
[2022-07-13T14:05:48.450Z] > git cat-file -s 5d52659fd1507c6c68b9fb65546a30494e6bcc22 [11ms]
[2022-07-13T14:05:51.279Z] > git ls-files --stage -- /home/intcesar/Mytest/inventario.py [9ms]
[2022-07-13T14:05:51.325Z] > git cat-file -s 4ed54f060935f8464bcc4f990fa8df24f9bd6038 [8ms]
[2022-07-13T14:05:54.912Z] > git ls-files --stage -- /home/intcesar/Mytest/lista_de_precios.csv [8ms]
[2022-07-13T14:05:54.954Z] > git cat-file -s 5d52659fd1507c6c68b9fb65546a30494e6bcc22 [6ms]
[2022-07-13T14:06:03.712Z] > git ls-files --stage -- /home/intcesar/Mytest/inventario.py [15ms]
[2022-07-13T14:06:03.772Z] > git cat-file -s 4ed54f060935f8464bcc4f990fa8df24f9bd6038 [15ms]
[2022-07-13T14:06:33.878Z] > git symbolic-ref --short HEAD [13ms]
[2022-07-13T14:06:33.932Z] > git for-each-ref --format=%(refname)%00%(upstream:short)%00%(objectname)%00%(upstream:track) refs/heads/master refs/remotes/master [14ms]
[2022-07-13T14:06:34.009Z] > git for-each-ref --sort -committerdate --format %(refname) %(objectname) %(*objectname) [40ms]
[2022-07-13T14:06:34.013Z] > git remote --verbose [13ms]
[2022-07-13T14:06:34.084Z] > git config --get commit.template [3ms]
[2022-07-13T14:06:39.863Z] > git symbolic-ref --short HEAD [9ms]
[2022-07-13T14:06:39.934Z] > git for-each-ref --format=%(refname)%00%(upstream:short)%00%(objectname)%00%(upstream:track) refs/heads/master refs/remotes/master [9ms]
[2022-07-13T14:06:40.036Z] > git remote --verbose [10ms]
[2022-07-13T14:06:40.281Z] > git for-each-ref --sort -committerdate --format %(refname) %(objectname) %(*objectname) [293ms]
[2022-07-13T14:06:40.370Z] > git config --get commit.template [9ms]
[2022-07-13T14:10:08.086Z] > git symbolic-ref --short HEAD [9ms]
[2022-07-13T14:10:08.162Z] > git for-each-ref --format=%(refname)%00%(upstream:short)%00%(objectname)%00%(upstream:track) refs/heads/master refs/remotes/master [16ms]
[2022-07-13T14:10:08.252Z] > git remote --verbose [13ms]
[2022-07-13T14:10:08.255Z] > git for-each-ref --sort -committerdate --format %(refname) %(objectname) %(*objectname) [54ms]
[2022-07-13T14:10:08.839Z] > git config --get commit.template [525ms]
[2022-07-13T14:10:19.123Z] > git symbolic-ref --short HEAD [9ms]
[2022-07-13T14:10:19.185Z] > git for-each-ref --format=%(refname)%00%(upstream:short)%00%(objectname)%00%(upstream:track) refs/heads/master refs/remotes/master [9ms]
[2022-07-13T14:10:19.283Z] > git remote --verbose [4ms]
[2022-07-13T14:10:19.284Z] > git for-each-ref --sort -committerdate --format %(refname) %(objectname) %(*objectname) [54ms]
[2022-07-13T14:10:19.357Z] > git config --get commit.template [2ms]
[2022-07-13T14:10:26.468Z] > git symbolic-ref --short HEAD [6ms]
[2022-07-13T14:10:26.508Z] > git for-each-ref --format=%(refname)%00%(upstream:short)%00%(objectname)%00%(upstream:track) refs/heads/master refs/remotes/master [2ms]
[2022-07-13T14:10:26.576Z] > git for-each-ref --sort -committerdate --format %(refname) %(objectname) %(*objectname) [31ms]
[2022-07-13T14:10:26.577Z] > git remote --verbose [3ms]
[2022-07-13T14:10:26.630Z] > git config --get commit.template [7ms]
[2022-07-13T14:10:29.388Z] > git ls-files --stage -- /home/intcesar/Mytest/lista_de_precios.csv [270ms]
[2022-07-13T14:10:29.427Z] > git cat-file -s 5d52659fd1507c6c68b9fb65546a30494e6bcc22 [4ms]
[2022-07-13T14:10:56.115Z] > git ls-files --stage -- /home/intcesar/Mytest/ventas.csv [9ms]
[2022-07-13T14:10:56.156Z] > git cat-file -s 02eda43284342e3d1ea3ded4c1eebb4f1e555803 [7ms]
[2022-07-13T14:10:57.518Z] > git ls-files --stage -- /home/intcesar/Mytest/inventario.py [6ms]
[2022-07-13T14:10:57.564Z] > git cat-file -s 4ed54f060935f8464bcc4f990fa8df24f9bd6038 [8ms]
[2022-07-13T14:11:11.691Z] > git symbolic-ref --short HEAD [12ms]
[2022-07-13T14:11:11.728Z] > git for-each-ref --format=%(refname)%00%(upstream:short)%00%(objectname)%00%(upstream:track) refs/heads/master refs/remotes/master [4ms]
[2022-07-13T14:11:11.841Z] > git for-each-ref --sort -committerdate --format %(refname) %(objectname) %(*objectname) [56ms]
[2022-07-13T14:11:11.843Z] > git remote --verbose [6ms]
[2022-07-13T14:11:11.910Z] > git config --get commit.template [4ms]
[2022-07-13T14:12:41.624Z] > git ls-files --stage -- /home/intcesar/Mytest/lista_de_precios.csv [261ms]
[2022-07-13T14:12:41.705Z] > git cat-file -s 5d52659fd1507c6c68b9fb65546a30494e6bcc22 [8ms]
[2022-07-13T14:12:48.889Z] > git ls-files --stage -- /home/intcesar/Mytest/inventario.py [37ms]
[2022-07-13T14:12:48.960Z] > git cat-file -s 4ed54f060935f8464bcc4f990fa8df24f9bd6038 [4ms]
[2022-07-13T14:13:13.108Z] > git symbolic-ref --short HEAD [13ms]
[2022-07-13T14:13:13.177Z] > git for-each-ref --format=%(refname)%00%(upstream:short)%00%(objectname)%00%(upstream:track) refs/heads/master refs/remotes/master [14ms]
[2022-07-13T14:13:13.284Z] > git remote --verbose [20ms]
[2022-07-13T14:13:13.285Z] > git for-each-ref --sort -committerdate --format %(refname) %(objectname) %(*objectname) [66ms]
[2022-07-13T14:13:13.372Z] > git config --get commit.template [8ms]
[2022-07-13T14:13:37.979Z] > git symbolic-ref --short HEAD [3ms]
[2022-07-13T14:13:38.027Z] > git for-each-ref --format=%(refname)%00%(upstream:short)%00%(objectname)%00%(upstream:track) refs/heads/master refs/remotes/master [5ms]
[2022-07-13T14:13:38.135Z] > git remote --verbose [9ms]
[2022-07-13T14:13:38.136Z] > git for-each-ref --sort -committerdate --format %(refname) %(objectname) %(*objectname) [59ms]
[2022-07-13T14:13:38.192Z] > git config --get commit.template [7ms]
[2022-07-13T14:14:04.140Z] > git ls-files --stage -- /home/intcesar/Mytest/lista_de_precios.csv [66ms]
[2022-07-13T14:14:04.192Z] > git cat-file -s 5d52659fd1507c6c68b9fb65546a30494e6bcc22 [10ms]
[2022-07-13T14:14:07.248Z] > git ls-files --stage -- /home/intcesar/Mytest/inventario.py [16ms]
[2022-07-13T14:14:07.305Z] > git cat-file -s 4ed54f060935f8464bcc4f990fa8df24f9bd6038 [10ms]
[2022-07-13T14:15:08.627Z] > git symbolic-ref --short HEAD [21ms]
[2022-07-13T14:15:08.667Z] > git for-each-ref --format=%(refname)%00%(upstream:short)%00%(objectname)%00%(upstream:track) refs/heads/master refs/remotes/master [4ms]
[2022-07-13T14:15:08.716Z] > git for-each-ref --sort -committerdate --format %(refname) %(objectname) %(*objectname) [30ms]
[2022-07-13T14:15:08.718Z] > git remote --verbose [4ms]
[2022-07-13T14:15:08.752Z] > git config --get commit.template [4ms]
[2022-07-13T14:15:14.702Z] > git symbolic-ref --short HEAD [9ms]
[2022-07-13T14:15:14.768Z] > git for-each-ref --format=%(refname)%00%(upstream:short)%00%(objectname)%00%(upstream:track) refs/heads/master refs/remotes/master [6ms]
[2022-07-13T14:15:14.864Z] > git for-each-ref --sort -committerdate --format %(refname) %(objectname) %(*objectname) [49ms]
[2022-07-13T14:15:14.866Z] > git remote --verbose [8ms]
[2022-07-13T14:15:14.915Z] > git config --get commit.template [3ms]
[2022-07-13T14:15:25.231Z] > git symbolic-ref --short HEAD [5ms]
[2022-07-13T14:15:25.282Z] > git for-each-ref --format=%(refname)%00%(upstream:short)%00%(objectname)%00%(upstream:track) refs/heads/master refs/remotes/master [14ms]
[2022-07-13T14:15:25.371Z] > git for-each-ref --sort -committerdate --format %(refname) %(objectname) %(*objectname) [46ms]
[2022-07-13T14:15:25.378Z] > git remote --verbose [11ms]
[2022-07-13T14:15:25.419Z] > git config --get commit.template [2ms]
[2022-07-13T14:15:43.071Z] > git symbolic-ref --short HEAD [6ms]
[2022-07-13T14:15:43.131Z] > git for-each-ref --format=%(refname)%00%(upstream:short)%00%(objectname)%00%(upstream:track) refs/heads/master refs/remotes/master [10ms]
[2022-07-13T14:15:43.220Z] > git for-each-ref --sort -committerdate --format %(refname) %(objectname) %(*objectname) [48ms]
[2022-07-13T14:15:43.224Z] > git remote --verbose [10ms]
[2022-07-13T14:15:43.280Z] > git config --get commit.template [5ms]
[2022-07-13T14:15:49.781Z] > git symbolic-ref --short HEAD [5ms]
[2022-07-13T14:15:49.863Z] > git for-each-ref --format=%(refname)%00%(upstream:short)%00%(objectname)%00%(upstream:track) refs/heads/master refs/remotes/master [8ms]
[2022-07-13T14:15:49.964Z] > git for-each-ref --sort -committerdate --format %(refname) %(objectname) %(*objectname) [35ms]
[2022-07-13T14:15:49.965Z] > git remote --verbose [7ms]
[2022-07-13T14:15:50.019Z] > git config --get commit.template [6ms]
[2022-07-13T14:15:54.620Z] > git ls-files --stage -- /home/intcesar/Mytest/lista_de_precios.csv [11ms]
[2022-07-13T14:15:54.676Z] > git cat-file -s 5d52659fd1507c6c68b9fb65546a30494e6bcc22 [3ms]
[2022-07-13T14:15:57.343Z] > git ls-files --stage -- /home/intcesar/Mytest/inventario.py [19ms]
[2022-07-13T14:15:57.394Z] > git cat-file -s 4ed54f060935f8464bcc4f990fa8df24f9bd6038 [10ms]
[2022-07-13T14:16:12.833Z] > git symbolic-ref --short HEAD [7ms]
[2022-07-13T14:16:12.909Z] > git for-each-ref --format=%(refname)%00%(upstream:short)%00%(objectname)%00%(upstream:track) refs/heads/master refs/remotes/master [10ms]
[2022-07-13T14:16:13.021Z] > git for-each-ref --sort -committerdate --format %(refname) %(objectname) %(*objectname) [40ms]
[2022-07-13T14:16:13.022Z] > git remote --verbose [5ms]
[2022-07-13T14:16:13.089Z] > git config --get commit.template [8ms]
[2022-07-13T14:16:19.485Z] > git ls-files --stage -- /home/intcesar/Mytest/inventa.csv [6ms]
[2022-07-13T14:16:19.572Z] > git cat-file -s 192140426568576c39b1e7f023bd2ce49be26b4c [10ms]
[2022-07-13T14:16:21.448Z] > git ls-files --stage -- /home/intcesar/Mytest/lista_de_precios.csv [4ms]
[2022-07-13T14:16:21.510Z] > git cat-file -s 5d52659fd1507c6c68b9fb65546a30494e6bcc22 [7ms]
[2022-07-13T14:16:26.282Z] > git ls-files --stage -- /home/intcesar/Mytest/inventa.csv [13ms]
[2022-07-13T14:16:26.342Z] > git cat-file -s 192140426568576c39b1e7f023bd2ce49be26b4c [10ms]
[2022-07-13T14:16:30.528Z] > git ls-files --stage -- /home/intcesar/Mytest/lista_de_precios.csv [7ms]
[2022-07-13T14:16:30.581Z] > git cat-file -s 5d52659fd1507c6c68b9fb65546a30494e6bcc22 [7ms]
[2022-07-13T14:16:32.721Z] > git ls-files --stage -- /home/intcesar/Mytest/inventa.csv [5ms]
[2022-07-13T14:16:32.777Z] > git cat-file -s 192140426568576c39b1e7f023bd2ce49be26b4c [5ms]
[2022-07-13T14:16:38.109Z] > git symbolic-ref --short HEAD [8ms]
[2022-07-13T14:16:38.170Z] > git for-each-ref --format=%(refname)%00%(upstream:short)%00%(objectname)%00%(upstream:track) refs/heads/master refs/remotes/master [7ms]
[2022-07-13T14:16:38.263Z] > git for-each-ref --sort -committerdate --format %(refname) %(objectname) %(*objectname) [49ms]
[2022-07-13T14:16:38.266Z] > git remote --verbose [8ms]
[2022-07-13T14:16:38.324Z] > git config --get commit.template [4ms]
[2022-07-13T14:16:39.216Z] > git ls-files --stage -- /home/intcesar/Mytest/inventario.py [6ms]
[2022-07-13T14:16:39.257Z] > git cat-file -s 4ed54f060935f8464bcc4f990fa8df24f9bd6038 [9ms]
[2022-07-13T14:22:47.380Z] > git symbolic-ref --short HEAD [4ms]
[2022-07-13T14:22:47.534Z] > git for-each-ref --format=%(refname)%00%(upstream:short)%00%(objectname)%00%(upstream:track) refs/heads/master refs/remotes/master [12ms]
[2022-07-13T14:22:47.673Z] > git for-each-ref --sort -committerdate --format %(refname) %(objectname) %(*objectname) [97ms]
[2022-07-13T14:22:47.677Z] > git remote --verbose [66ms]
[2022-07-13T14:22:47.727Z] > git config --get commit.template [6ms]
[2022-07-13T14:28:33.815Z] > git symbolic-ref --short HEAD [5ms]
[2022-07-13T14:28:33.874Z] > git for-each-ref --format=%(refname)%00%(upstream:short)%00%(objectname)%00%(upstream:track) refs/heads/master refs/remotes/master [7ms]
[2022-07-13T14:28:33.932Z] > git for-each-ref --sort -committerdate --format %(refname) %(objectname) %(*objectname) [35ms]
[2022-07-13T14:28:33.934Z] > git remote --verbose [6ms]
[2022-07-13T14:28:33.988Z] > git config --get commit.template [7ms]
[2022-07-13T14:28:52.588Z] > git ls-files --stage -- /home/intcesar/Mytest/inventa.csv [336ms]
[2022-07-13T14:28:52.750Z] > git cat-file -s 192140426568576c39b1e7f023bd2ce49be26b4c [11ms]
[2022-07-13T14:29:12.506Z] > git symbolic-ref --short HEAD [4ms]
[2022-07-13T14:29:12.554Z] > git for-each-ref --format=%(refname)%00%(upstream:short)%00%(objectname)%00%(upstream:track) refs/heads/master refs/remotes/master [9ms]
[2022-07-13T14:29:12.624Z] > git for-each-ref --sort -committerdate --format %(refname) %(objectname) %(*objectname) [42ms]
[2022-07-13T14:29:12.626Z] > git remote --verbose [14ms]
[2022-07-13T14:29:12.662Z] > git config --get commit.template [3ms]
[2022-07-13T14:29:47.854Z] > git ls-files --stage -- /home/intcesar/Mytest/ventas.csv [131ms]
[2022-07-13T14:29:48.098Z] > git cat-file -s 02eda43284342e3d1ea3ded4c1eebb4f1e555803 [37ms]
