[2022-07-14 11:03:23.165] [exthost] [info] Extension host with pid 437 started
[2022-07-14 11:03:23.166] [exthost] [info] Skipping acquiring lock for /home/intcesar/.config/Code/User/workspaceStorage/789bbeec6e725d257406688d4d200746.
[2022-07-14 11:03:23.741] [exthost] [info] ExtensionService#_doActivateExtension mechatroner.rainbow-csv, startup: false, activationEvent: 'onLanguage:plaintext'
[2022-07-14 11:03:23.780] [exthost] [info] ExtensionService#_doActivateExtension vscode.microsoft-authentication, startup: false, activationEvent: 'onAuthenticationRequest:microsoft'
[2022-07-14 11:03:23.856] [exthost] [info] ExtensionService#_doActivateExtension vscode.debug-auto-launch, startup: true, activationEvent: '*'
[2022-07-14 11:03:23.868] [exthost] [info] ExtensionService#_doActivateExtension vscode.git-base, startup: true, activationEvent: '*', root cause: vscode.git
[2022-07-14 11:03:23.878] [exthost] [info] ExtensionService#_doActivateExtension vscode.ipynb, startup: true, activationEvent: '*'
[2022-07-14 11:03:24.190] [exthost] [info] ExtensionService#_doActivateExtension vscode.git, startup: true, activationEvent: '*'
[2022-07-14 11:03:24.339] [exthost] [info] ExtensionService#_doActivateExtension vscode.github, startup: true, activationEvent: '*'
[2022-07-14 11:03:24.544] [exthost] [info] Eager extensions activated
[2022-07-14 11:03:24.651] [exthost] [info] ExtensionService#_doActivateExtension vscode.emmet, startup: false, activationEvent: 'onStartupFinished'
[2022-07-14 11:03:24.689] [exthost] [info] ExtensionService#_doActivateExtension vscode.merge-conflict, startup: false, activationEvent: 'onStartupFinished'
[2022-07-14 11:03:24.701] [exthost] [info] ExtensionService#_doActivateExtension vscode.github-authentication, startup: false, activationEvent: 'onAuthenticationRequest:github'
[2022-07-14 11:03:51.479] [exthost] [info] ExtensionService#_doActivateExtension ms-python.python, startup: false, activationEvent: 'onLanguage:python'
[2022-07-14 11:03:51.848] [exthost] [info] ExtensionService#_doActivateExtension ms-toolsai.jupyter, startup: false, activationEvent: 'onLanguage:python'
[2022-07-14 11:03:52.970] [exthost] [info] ExtensionService#_doActivateExtension ms-toolsai.jupyter-renderers, startup: false, activationEvent: 'api', root cause: ms-toolsai.jupyter
[2022-07-14 11:15:14.190] [exthost] [error] [ms-python.python] provider FAILED
[2022-07-14 11:15:14.190] [exthost] [error] Error: ValueError: `column` parameter (39) is not in a valid range (0-38) for line 28 ('save=save.set_index("Modelo") #indexa \n').
	at /home/intcesar/.vscode/extensions/ms-python.python-2022.4.1/out/client/extension.js:47:140123
	at /home/intcesar/.vscode/extensions/ms-python.python-2022.4.1/out/client/extension.js:47:140417
	at Immediate.<anonymous> (/home/intcesar/.vscode/extensions/ms-python.python-2022.4.1/out/client/extension.js:47:140780)
	at processImmediate (node:internal/timers:464:21)
[2022-07-15 12:38:39.413] [exthost] [info] extension host terminating: renderer closed the socket
[2022-07-15 12:38:39.542] [exthost] [info] Extension host with pid 437 exiting with code 0
