ERROR:pygls.protocol:Failed to handle request 7 textDocument/codeAction partial_result_token=None work_done_token=None text_document=TextDocumentIdentifier(uri='untitled:Untitled-1') range=7:18-7:18 context=CodeActionContext(diagnostics=[], only=None)
Traceback (most recent call last):
  File "/home/intcesar/.vscode/extensions/ms-python.python-2022.4.1/pythonFiles/lib/jedilsp/pygls/protocol.py", line 331, in _handle_request
    self._execute_request(msg_id, handler, params)
  File "/home/intcesar/.vscode/extensions/ms-python.python-2022.4.1/pythonFiles/lib/jedilsp/pygls/protocol.py", line 260, in _execute_request
    method_name, method_type, msg_id, handler(params))
  File "/home/intcesar/.vscode/extensions/ms-python.python-2022.4.1/pythonFiles/lib/jedilsp/jedi_language_server/server.py", line 557, in code_action
    extract_variable_changes = text_edit_utils.lsp_document_changes(
  File "/home/intcesar/.vscode/extensions/ms-python.python-2022.4.1/pythonFiles/lib/jedilsp/jedi_language_server/text_edit_utils.py", line 45, in lsp_document_changes
    return [
  File "/home/intcesar/.vscode/extensions/ms-python.python-2022.4.1/pythonFiles/lib/jedilsp/jedi_language_server/text_edit_utils.py", line 77, in lsp_text_document_edits
    text_edits = lsp_text_edits(document, changed_file)
  File "/home/intcesar/.vscode/extensions/ms-python.python-2022.4.1/pythonFiles/lib/jedilsp/jedi_language_server/text_edit_utils.py", line 104, in lsp_text_edits
    old_code = document.source
  File "/home/intcesar/.vscode/extensions/ms-python.python-2022.4.1/pythonFiles/lib/jedilsp/pygls/workspace.py", line 275, in source
    with io.open(self.path, 'r', encoding='utf-8') as f:
FileNotFoundError: [Errno 2] No such file or directory: '/home/intcesar/Piel/Untitled-1'
[Error - 11:28:37 AM] Request textDocument/codeAction failed.
  Message: FileNotFoundError: [Errno 2] No such file or directory: '/home/intcesar/Piel/Untitled-1'
  Code: -32602 
{'traceback': ['  File "/home/intcesar/.vscode/extensions/ms-python.python-2022.4.1/pythonFiles/lib/jedilsp/pygls/protocol.py", line 331, in _handle_request\n    self._execute_request(msg_id, handler, params)\n', '  File "/home/intcesar/.vscode/extensions/ms-python.python-2022.4.1/pythonFiles/lib/jedilsp/pygls/protocol.py", line 260, in _execute_request\n    method_name, method_type, msg_id, handler(params))\n', '  File "/home/intcesar/.vscode/extensions/ms-python.python-2022.4.1/pythonFiles/lib/jedilsp/jedi_language_server/server.py", line 557, in code_action\n    extract_variable_changes = text_edit_utils.lsp_document_changes(\n', '  File "/home/intcesar/.vscode/extensions/ms-python.python-2022.4.1/pythonFiles/lib/jedilsp/jedi_language_server/text_edit_utils.py", line 45, in lsp_document_changes\n    return [\n', '  File "/home/intcesar/.vscode/extensions/ms-python.python-2022.4.1/pythonFiles/lib/jedilsp/jedi_language_server/text_edit_utils.py", line 77, in lsp_text_document_edits\n    text_edits = lsp_text_edits(document, changed_file)\n', '  File "/home/intcesar/.vscode/extensions/ms-python.python-2022.4.1/pythonFiles/lib/jedilsp/jedi_language_server/text_edit_utils.py", line 104, in lsp_text_edits\n    old_code = document.source\n', '  File "/home/intcesar/.vscode/extensions/ms-python.python-2022.4.1/pythonFiles/lib/jedilsp/pygls/workspace.py", line 275, in source\n    with io.open(self.path, \'r\', encoding=\'utf-8\') as f:\n']}
ERROR:pygls.protocol:Failed to handle request 8 textDocument/codeAction partial_result_token=None work_done_token=None text_document=TextDocumentIdentifier(uri='untitled:Untitled-1') range=7:62-7:62 context=CodeActionContext(diagnostics=[], only=None)
Traceback (most recent call last):
  File "/home/intcesar/.vscode/extensions/ms-python.python-2022.4.1/pythonFiles/lib/jedilsp/pygls/protocol.py", line 331, in _handle_request
    self._execute_request(msg_id, handler, params)
  File "/home/intcesar/.vscode/extensions/ms-python.python-2022.4.1/pythonFiles/lib/jedilsp/pygls/protocol.py", line 260, in _execute_request
    method_name, method_type, msg_id, handler(params))
  File "/home/intcesar/.vscode/extensions/ms-python.python-2022.4.1/pythonFiles/lib/jedilsp/jedi_language_server/server.py", line 557, in code_action
    extract_variable_changes = text_edit_utils.lsp_document_changes(
  File "/home/intcesar/.vscode/extensions/ms-python.python-2022.4.1/pythonFiles/lib/jedilsp/jedi_language_server/text_edit_utils.py", line 45, in lsp_document_changes
    return [
  File "/home/intcesar/.vscode/extensions/ms-python.python-2022.4.1/pythonFiles/lib/jedilsp/jedi_language_server/text_edit_utils.py", line 77, in lsp_text_document_edits
    text_edits = lsp_text_edits(document, changed_file)
  File "/home/intcesar/.vscode/extensions/ms-python.python-2022.4.1/pythonFiles/lib/jedilsp/jedi_language_server/text_edit_utils.py", line 104, in lsp_text_edits
    old_code = document.source
  File "/home/intcesar/.vscode/extensions/ms-python.python-2022.4.1/pythonFiles/lib/jedilsp/pygls/workspace.py", line 275, in source
    with io.open(self.path, 'r', encoding='utf-8') as f:
FileNotFoundError: [Errno 2] No such file or directory: '/home/intcesar/Piel/Untitled-1'
[Error - 11:28:38 AM] Request textDocument/codeAction failed.
  Message: FileNotFoundError: [Errno 2] No such file or directory: '/home/intcesar/Piel/Untitled-1'
  Code: -32602 
{'traceback': ['  File "/home/intcesar/.vscode/extensions/ms-python.python-2022.4.1/pythonFiles/lib/jedilsp/pygls/protocol.py", line 331, in _handle_request\n    self._execute_request(msg_id, handler, params)\n', '  File "/home/intcesar/.vscode/extensions/ms-python.python-2022.4.1/pythonFiles/lib/jedilsp/pygls/protocol.py", line 260, in _execute_request\n    method_name, method_type, msg_id, handler(params))\n', '  File "/home/intcesar/.vscode/extensions/ms-python.python-2022.4.1/pythonFiles/lib/jedilsp/jedi_language_server/server.py", line 557, in code_action\n    extract_variable_changes = text_edit_utils.lsp_document_changes(\n', '  File "/home/intcesar/.vscode/extensions/ms-python.python-2022.4.1/pythonFiles/lib/jedilsp/jedi_language_server/text_edit_utils.py", line 45, in lsp_document_changes\n    return [\n', '  File "/home/intcesar/.vscode/extensions/ms-python.python-2022.4.1/pythonFiles/lib/jedilsp/jedi_language_server/text_edit_utils.py", line 77, in lsp_text_document_edits\n    text_edits = lsp_text_edits(document, changed_file)\n', '  File "/home/intcesar/.vscode/extensions/ms-python.python-2022.4.1/pythonFiles/lib/jedilsp/jedi_language_server/text_edit_utils.py", line 104, in lsp_text_edits\n    old_code = document.source\n', '  File "/home/intcesar/.vscode/extensions/ms-python.python-2022.4.1/pythonFiles/lib/jedilsp/pygls/workspace.py", line 275, in source\n    with io.open(self.path, \'r\', encoding=\'utf-8\') as f:\n']}
