[2022-08-17T16:31:27.139Z] La validación encontró GIT en: git
[2022-08-17T16:31:28.081Z] Usando GIT 2.30.2 de git
[2022-08-17T16:31:28.363Z] > git rev-parse --git-dir [168ms]
[2022-08-17T16:31:28.378Z] Open repository: /home/intcesar/Mytest
[2022-08-17T16:31:28.537Z] > git symbolic-ref --short HEAD [15ms]
[2022-08-17T16:31:28.581Z] > git for-each-ref --format=%(refname)%00%(upstream:short)%00%(objectname)%00%(upstream:track) refs/heads/master refs/remotes/master [22ms]
[2022-08-17T16:31:28.668Z] > git for-each-ref --sort -committerdate --format %(refname) %(objectname) %(*objectname) [31ms]
[2022-08-17T16:31:28.700Z] > git remote --verbose [42ms]
[2022-08-17T16:31:28.739Z] > git config --get commit.template [10ms]
[2022-08-17T16:31:29.199Z] > git ls-files --stage -- /home/intcesar/Mytest/inventa.csv [10ms]
[2022-08-17T16:31:29.232Z] > git cat-file -s 192140426568576c39b1e7f023bd2ce49be26b4c [9ms]
[2022-08-17T16:37:55.997Z] > git ls-files --stage -- /home/intcesar/Mytest/inventario.py [19ms]
[2022-08-17T16:37:56.038Z] > git cat-file -s 4ed54f060935f8464bcc4f990fa8df24f9bd6038 [9ms]
[2022-08-17T16:40:38.644Z] > git symbolic-ref --short HEAD [18ms]
[2022-08-17T16:40:38.690Z] > git for-each-ref --format=%(refname)%00%(upstream:short)%00%(objectname)%00%(upstream:track) refs/heads/master refs/remotes/master [6ms]
[2022-08-17T16:40:38.770Z] > git remote --verbose [12ms]
[2022-08-17T16:40:38.777Z] > git for-each-ref --sort -committerdate --format %(refname) %(objectname) %(*objectname) [54ms]
[2022-08-17T16:40:38.838Z] > git config --get commit.template [3ms]
[2022-08-17T16:41:04.655Z] > git symbolic-ref --short HEAD [16ms]
[2022-08-17T16:41:04.695Z] > git for-each-ref --format=%(refname)%00%(upstream:short)%00%(objectname)%00%(upstream:track) refs/heads/master refs/remotes/master [8ms]
[2022-08-17T16:41:04.769Z] > git remote --verbose [9ms]
[2022-08-17T16:41:04.772Z] > git for-each-ref --sort -committerdate --format %(refname) %(objectname) %(*objectname) [44ms]
[2022-08-17T16:41:04.835Z] > git config --get commit.template [9ms]
[2022-08-17T16:41:19.927Z] > git symbolic-ref --short HEAD [11ms]
[2022-08-17T16:41:19.972Z] > git for-each-ref --format=%(refname)%00%(upstream:short)%00%(objectname)%00%(upstream:track) refs/heads/master refs/remotes/master [11ms]
[2022-08-17T16:41:20.023Z] > git for-each-ref --sort -committerdate --format %(refname) %(objectname) %(*objectname) [28ms]
[2022-08-17T16:41:20.026Z] > git remote --verbose [6ms]
[2022-08-17T16:41:20.059Z] > git config --get commit.template [6ms]
[2022-08-20T17:27:06.973Z] > git ls-files --stage -- /home/intcesar/Mytest/ventas.csv [22ms]
[2022-08-20T17:27:07.040Z] > git cat-file -s 02eda43284342e3d1ea3ded4c1eebb4f1e555803 [6ms]
[2022-08-20T17:27:08.466Z] > git ls-files --stage -- /home/intcesar/Mytest/inventa.csv [4ms]
[2022-08-20T17:27:08.500Z] > git cat-file -s 192140426568576c39b1e7f023bd2ce49be26b4c [4ms]
[2022-08-20T17:27:23.924Z] > git ls-files --stage -- /home/intcesar/Mytest/ventas.csv [8ms]
[2022-08-20T17:27:23.971Z] > git cat-file -s 02eda43284342e3d1ea3ded4c1eebb4f1e555803 [4ms]
[2022-08-20T17:27:25.905Z] > git ls-files --stage -- /home/intcesar/Mytest/inventario.py [7ms]
[2022-08-20T17:27:25.952Z] > git cat-file -s 4ed54f060935f8464bcc4f990fa8df24f9bd6038 [4ms]
