[2023-02-16 11:26:25.916] [exthost] [info] Extension host with pid 435 started
[2023-02-16 11:26:25.917] [exthost] [info] Skipping acquiring lock for /home/intcesar/.config/Code/User/workspaceStorage/789bbeec6e725d257406688d4d200746.
[2023-02-16 11:26:26.432] [exthost] [info] ExtensionService#_doActivateExtension mechatroner.rainbow-csv, startup: false, activationEvent: 'onLanguage:plaintext'
[2023-02-16 11:26:26.653] [exthost] [info] ExtensionService#_doActivateExtension ms-python.python, startup: false, activationEvent: 'onLanguage:python'
[2023-02-16 11:26:27.147] [exthost] [info] ExtensionService#_doActivateExtension ms-toolsai.jupyter, startup: false, activationEvent: 'onLanguage:python'
[2023-02-16 11:26:27.698] [exthost] [info] ExtensionService#_doActivateExtension vscode.microsoft-authentication, startup: false, activationEvent: 'onAuthenticationRequest:microsoft'
[2023-02-16 11:26:27.786] [exthost] [info] ExtensionService#_doActivateExtension vscode.debug-auto-launch, startup: true, activationEvent: '*'
[2023-02-16 11:26:27.809] [exthost] [info] ExtensionService#_doActivateExtension vscode.git-base, startup: true, activationEvent: '*', root cause: vscode.git
[2023-02-16 11:26:27.828] [exthost] [info] ExtensionService#_doActivateExtension vscode.ipynb, startup: true, activationEvent: '*'
[2023-02-16 11:26:28.161] [exthost] [info] ExtensionService#_doActivateExtension vscode.git, startup: true, activationEvent: '*'
[2023-02-16 11:26:28.429] [exthost] [info] ExtensionService#_doActivateExtension vscode.github, startup: true, activationEvent: '*'
[2023-02-16 11:26:28.968] [exthost] [info] ExtensionService#_doActivateExtension ms-toolsai.jupyter-renderers, startup: false, activationEvent: 'api', root cause: ms-toolsai.jupyter
[2023-02-16 11:26:29.412] [exthost] [info] Eager extensions activated
[2023-02-16 11:26:29.502] [exthost] [info] ExtensionService#_doActivateExtension vscode.emmet, startup: false, activationEvent: 'onStartupFinished'
[2023-02-16 11:26:29.605] [exthost] [info] ExtensionService#_doActivateExtension vscode.merge-conflict, startup: false, activationEvent: 'onStartupFinished'
[2023-02-16 11:26:29.774] [exthost] [info] ExtensionService#_doActivateExtension vscode.github-authentication, startup: false, activationEvent: 'onAuthenticationRequest:github'
[2023-02-16 11:27:50.171] [exthost] [info] extension host terminating: renderer closed the socket
[2023-02-16 11:27:50.252] [exthost] [info] Extension host with pid 435 exiting with code 0
[2023-02-16 11:27:54.667] [exthost] [info] Extension host with pid 850 started
[2023-02-16 11:27:54.667] [exthost] [info] Skipping acquiring lock for /home/intcesar/.config/Code/User/workspaceStorage/452c66002b4e783111677982ae08ba19.
[2023-02-16 11:27:55.263] [exthost] [info] ExtensionService#_doActivateExtension vscode.microsoft-authentication, startup: false, activationEvent: 'onAuthenticationRequest:microsoft'
[2023-02-16 11:27:55.308] [exthost] [info] ExtensionService#_doActivateExtension vscode.debug-auto-launch, startup: true, activationEvent: '*'
[2023-02-16 11:27:55.314] [exthost] [info] ExtensionService#_doActivateExtension vscode.git-base, startup: true, activationEvent: '*', root cause: vscode.git
[2023-02-16 11:27:55.320] [exthost] [info] ExtensionService#_doActivateExtension vscode.ipynb, startup: true, activationEvent: '*'
[2023-02-16 11:27:55.398] [exthost] [info] ExtensionService#_doActivateExtension vscode.git, startup: true, activationEvent: '*'
[2023-02-16 11:27:55.426] [exthost] [info] ExtensionService#_doActivateExtension vscode.github, startup: true, activationEvent: '*'
[2023-02-16 11:27:55.599] [exthost] [info] Eager extensions activated
[2023-02-16 11:27:55.724] [exthost] [info] ExtensionService#_doActivateExtension vscode.emmet, startup: false, activationEvent: 'onStartupFinished'
[2023-02-16 11:27:55.738] [exthost] [info] ExtensionService#_doActivateExtension vscode.merge-conflict, startup: false, activationEvent: 'onStartupFinished'
[2023-02-16 11:27:55.830] [exthost] [info] ExtensionService#_doActivateExtension vscode.github-authentication, startup: false, activationEvent: 'onAuthenticationRequest:github'
[2023-02-16 11:28:04.011] [exthost] [warning] [Decorations] CAPPING events from decorations provider vscode.git 10000
[2023-02-16 11:28:10.398] [exthost] [info] ExtensionService#_doActivateExtension ms-python.python, startup: false, activationEvent: 'onCommand:python.createNewFile'
[2023-02-16 11:28:11.278] [exthost] [info] ExtensionService#_doActivateExtension ms-toolsai.jupyter, startup: false, activationEvent: 'onLanguage:python'
[2023-02-16 11:28:12.329] [exthost] [info] ExtensionService#_doActivateExtension ms-toolsai.jupyter-renderers, startup: false, activationEvent: 'api', root cause: ms-toolsai.jupyter
[2023-02-16 11:28:37.414] [exthost] [error] [ms-python.python] provider FAILED
[2023-02-16 11:28:37.415] [exthost] [error] Error: FileNotFoundError: [Errno 2] No such file or directory: '/home/intcesar/Piel/Untitled-1'
	at /home/intcesar/.vscode/extensions/ms-python.python-2022.4.1/out/client/extension.js:47:140123
	at /home/intcesar/.vscode/extensions/ms-python.python-2022.4.1/out/client/extension.js:47:140417
	at Immediate.<anonymous> (/home/intcesar/.vscode/extensions/ms-python.python-2022.4.1/out/client/extension.js:47:140780)
	at processImmediate (node:internal/timers:464:21)
[2023-02-16 11:28:38.692] [exthost] [error] [ms-python.python] provider FAILED
[2023-02-16 11:28:38.693] [exthost] [error] Error: FileNotFoundError: [Errno 2] No such file or directory: '/home/intcesar/Piel/Untitled-1'
	at /home/intcesar/.vscode/extensions/ms-python.python-2022.4.1/out/client/extension.js:47:140123
	at /home/intcesar/.vscode/extensions/ms-python.python-2022.4.1/out/client/extension.js:47:140417
	at Immediate.<anonymous> (/home/intcesar/.vscode/extensions/ms-python.python-2022.4.1/out/client/extension.js:47:140780)
	at processImmediate (node:internal/timers:464:21)
[2023-02-16 11:31:18.878] [exthost] [info] ExtensionService#_doActivateExtension mechatroner.rainbow-csv, startup: false, activationEvent: 'onLanguage:plaintext'
[2023-02-16 15:13:28.412] [exthost] [error] [ms-python.python] provider FAILED
[2023-02-16 15:13:28.414] [exthost] [error] Error: DisposableStore is missing...
	at X._convertCompletionItem (/usr/share/code/resources/app/out/vs/workbench/api/node/extensionHostProcess.js:85:109928)
	at X.resolveCompletionItem (/usr/share/code/resources/app/out/vs/workbench/api/node/extensionHostProcess.js:85:109706)
[2023-02-16 15:18:36.203] [exthost] [error] [ms-python.python] provider FAILED
[2023-02-16 15:18:36.204] [exthost] [error] Error: DisposableStore is missing...
	at X._convertCompletionItem (/usr/share/code/resources/app/out/vs/workbench/api/node/extensionHostProcess.js:85:109928)
	at X.resolveCompletionItem (/usr/share/code/resources/app/out/vs/workbench/api/node/extensionHostProcess.js:85:109706)
[2023-02-16 15:32:25.961] [exthost] [error] [ms-python.python] provider FAILED
[2023-02-16 15:32:25.962] [exthost] [error] Error: DisposableStore is missing...
	at X._convertCompletionItem (/usr/share/code/resources/app/out/vs/workbench/api/node/extensionHostProcess.js:85:109928)
	at X.resolveCompletionItem (/usr/share/code/resources/app/out/vs/workbench/api/node/extensionHostProcess.js:85:109706)
[2023-02-16 16:25:58.543] [exthost] [error] [ms-python.python] provider FAILED
[2023-02-16 16:25:58.544] [exthost] [error] Error: DisposableStore is missing...
	at X._convertCompletionItem (/usr/share/code/resources/app/out/vs/workbench/api/node/extensionHostProcess.js:85:109928)
	at X.resolveCompletionItem (/usr/share/code/resources/app/out/vs/workbench/api/node/extensionHostProcess.js:85:109706)
[2023-02-16 16:28:28.425] [exthost] [info] ExtensionService#_doActivateExtension vscode.configuration-editing, startup: false, activationEvent: 'onLanguage:json'
[2023-02-16 16:28:28.506] [exthost] [info] ExtensionService#_doActivateExtension vscode.extension-editing, startup: false, activationEvent: 'onLanguage:json'
[2023-02-16 16:28:28.620] [exthost] [info] ExtensionService#_doActivateExtension vscode.json-language-features, startup: false, activationEvent: 'onLanguage:json'
[2023-02-16 16:28:28.874] [exthost] [info] ExtensionService#_doActivateExtension vscode.npm, startup: false, activationEvent: 'onLanguage:json'
