[2022-07-08T19:41:18.183Z] La validación encontró GIT en: git
[2022-07-08T19:41:18.442Z] Usando GIT  de git
[2022-07-08T19:41:18.638Z] > git rev-parse --git-dir [82ms]
[2022-07-08T19:41:18.653Z] Open repository: /home/intcesar/Mytest
[2022-07-08T19:41:18.873Z] > git symbolic-ref --short HEAD [154ms]
[2022-07-08T19:41:18.918Z] > git for-each-ref --format=%(refname)%00%(upstream:short)%00%(objectname)%00%(upstream:track) refs/heads/master refs/remotes/master [21ms]
[2022-07-08T19:41:19.046Z] > git remote --verbose [61ms]
[2022-07-08T19:41:19.047Z] > git for-each-ref --sort -committerdate --format %(refname) %(objectname) %(*objectname) [105ms]
[2022-07-08T19:41:19.104Z] > git config --get commit.template [8ms]
[2022-07-08T19:41:19.514Z] > git ls-files --stage -- /home/intcesar/Mytest/inventario.py [8ms]
[2022-07-08T19:41:19.543Z] > git cat-file -s 4ed54f060935f8464bcc4f990fa8df24f9bd6038 [8ms]
[2022-07-08T19:54:54.285Z] > git symbolic-ref --short HEAD [10ms]
[2022-07-08T19:54:54.338Z] > git for-each-ref --format=%(refname)%00%(upstream:short)%00%(objectname)%00%(upstream:track) refs/heads/master refs/remotes/master [16ms]
[2022-07-08T19:54:54.410Z] > git for-each-ref --sort -committerdate --format %(refname) %(objectname) %(*objectname) [41ms]
[2022-07-08T19:54:54.415Z] > git remote --verbose [10ms]
[2022-07-08T19:54:54.453Z] > git config --get commit.template [5ms]
[2022-07-08T19:56:30.500Z] > git symbolic-ref --short HEAD [7ms]
[2022-07-08T19:56:30.557Z] > git for-each-ref --format=%(refname)%00%(upstream:short)%00%(objectname)%00%(upstream:track) refs/heads/master refs/remotes/master [4ms]
[2022-07-08T19:56:30.649Z] > git remote --verbose [5ms]
[2022-07-08T19:56:30.651Z] > git for-each-ref --sort -committerdate --format %(refname) %(objectname) %(*objectname) [44ms]
[2022-07-08T19:56:30.701Z] > git config --get commit.template [6ms]
[2022-07-08T19:56:35.967Z] > git ls-files --stage -- /home/intcesar/Mytest/inventa.csv [26ms]
[2022-07-08T19:56:35.993Z] > git cat-file -s 192140426568576c39b1e7f023bd2ce49be26b4c [8ms]
[2022-07-08T19:56:37.870Z] > git ls-files --stage -- /home/intcesar/Mytest/ventas.csv [13ms]
[2022-07-08T19:56:37.929Z] > git cat-file -s 02eda43284342e3d1ea3ded4c1eebb4f1e555803 [15ms]
[2022-07-08T19:56:41.255Z] > git ls-files --stage -- /home/intcesar/Mytest/inventario.py [17ms]
[2022-07-08T19:56:41.288Z] > git cat-file -s 4ed54f060935f8464bcc4f990fa8df24f9bd6038 [7ms]
[2022-07-08T19:56:57.042Z] > git ls-files --stage -- /home/intcesar/Mytest/ventas.csv [6ms]
[2022-07-08T19:56:57.080Z] > git cat-file -s 02eda43284342e3d1ea3ded4c1eebb4f1e555803 [2ms]
[2022-07-08T19:56:59.121Z] > git ls-files --stage -- /home/intcesar/Mytest/inventario.py [19ms]
[2022-07-08T19:56:59.148Z] > git cat-file -s 4ed54f060935f8464bcc4f990fa8df24f9bd6038 [6ms]
[2022-07-08T20:13:05.312Z] > git ls-files --stage -- /home/intcesar/Mytest/ventas.csv [9ms]
[2022-07-08T20:13:05.362Z] > git cat-file -s 02eda43284342e3d1ea3ded4c1eebb4f1e555803 [11ms]
[2022-07-08T20:13:12.123Z] > git ls-files --stage -- /home/intcesar/Mytest/inventa.csv [7ms]
[2022-07-08T20:13:12.174Z] > git cat-file -s 192140426568576c39b1e7f023bd2ce49be26b4c [12ms]
[2022-07-08T20:13:18.767Z] > git ls-files --stage -- /home/intcesar/Mytest/lista_de_precios.csv [12ms]
[2022-07-08T20:13:18.806Z] > git cat-file -s 5d52659fd1507c6c68b9fb65546a30494e6bcc22 [11ms]
[2022-07-08T20:13:30.834Z] > git ls-files --stage -- /home/intcesar/Mytest/inventario.py [7ms]
[2022-07-08T20:13:30.877Z] > git cat-file -s 4ed54f060935f8464bcc4f990fa8df24f9bd6038 [7ms]
[2022-07-08T20:14:06.603Z] > git symbolic-ref --short HEAD [6ms]
[2022-07-08T20:14:06.657Z] > git for-each-ref --format=%(refname)%00%(upstream:short)%00%(objectname)%00%(upstream:track) refs/heads/master refs/remotes/master [14ms]
[2022-07-08T20:14:06.725Z] > git for-each-ref --sort -committerdate --format %(refname) %(objectname) %(*objectname) [39ms]
[2022-07-08T20:14:06.727Z] > git remote --verbose [6ms]
[2022-07-08T20:14:06.763Z] > git config --get commit.template [6ms]
[2022-07-08T21:08:50.188Z] > git symbolic-ref --short HEAD [11ms]
[2022-07-08T21:08:50.235Z] > git for-each-ref --format=%(refname)%00%(upstream:short)%00%(objectname)%00%(upstream:track) refs/heads/master refs/remotes/master [11ms]
[2022-07-08T21:08:50.308Z] > git for-each-ref --sort -committerdate --format %(refname) %(objectname) %(*objectname) [40ms]
[2022-07-08T21:08:50.313Z] > git remote --verbose [10ms]
[2022-07-08T21:08:50.356Z] > git config --get commit.template [4ms]
[2022-07-08T21:09:41.091Z] > git symbolic-ref --short HEAD [6ms]
[2022-07-08T21:09:41.140Z] > git for-each-ref --format=%(refname)%00%(upstream:short)%00%(objectname)%00%(upstream:track) refs/heads/master refs/remotes/master [8ms]
[2022-07-08T21:09:41.216Z] > git for-each-ref --sort -committerdate --format %(refname) %(objectname) %(*objectname) [42ms]
[2022-07-08T21:09:41.220Z] > git remote --verbose [10ms]
[2022-07-08T21:09:41.277Z] > git config --get commit.template [5ms]
[2022-07-08T21:09:59.493Z] > git symbolic-ref --short HEAD [10ms]
[2022-07-08T21:09:59.537Z] > git for-each-ref --format=%(refname)%00%(upstream:short)%00%(objectname)%00%(upstream:track) refs/heads/master refs/remotes/master [7ms]
[2022-07-08T21:09:59.598Z] > git for-each-ref --sort -committerdate --format %(refname) %(objectname) %(*objectname) [27ms]
[2022-07-08T21:09:59.602Z] > git remote --verbose [7ms]
[2022-07-08T21:09:59.647Z] > git config --get commit.template [6ms]
[2022-07-08T21:13:12.500Z] > git symbolic-ref --short HEAD [8ms]
[2022-07-08T21:13:12.545Z] > git for-each-ref --format=%(refname)%00%(upstream:short)%00%(objectname)%00%(upstream:track) refs/heads/master refs/remotes/master [6ms]
[2022-07-08T21:13:12.625Z] > git for-each-ref --sort -committerdate --format %(refname) %(objectname) %(*objectname) [42ms]
[2022-07-08T21:13:12.631Z] > git remote --verbose [10ms]
[2022-07-08T21:13:12.694Z] > git config --get commit.template [5ms]
[2022-07-08T21:14:00.421Z] > git symbolic-ref --short HEAD [4ms]
[2022-07-08T21:14:00.462Z] > git for-each-ref --format=%(refname)%00%(upstream:short)%00%(objectname)%00%(upstream:track) refs/heads/master refs/remotes/master [8ms]
[2022-07-08T21:14:00.523Z] > git remote --verbose [9ms]
[2022-07-08T21:14:00.523Z] > git for-each-ref --sort -committerdate --format %(refname) %(objectname) %(*objectname) [35ms]
[2022-07-08T21:14:00.561Z] > git config --get commit.template [6ms]
[2022-07-08T21:14:30.719Z] > git symbolic-ref --short HEAD [8ms]
[2022-07-08T21:14:30.768Z] > git for-each-ref --format=%(refname)%00%(upstream:short)%00%(objectname)%00%(upstream:track) refs/heads/master refs/remotes/master [7ms]
[2022-07-08T21:14:30.852Z] > git for-each-ref --sort -committerdate --format %(refname) %(objectname) %(*objectname) [44ms]
[2022-07-08T21:14:30.855Z] > git remote --verbose [10ms]
[2022-07-08T21:14:30.925Z] > git config --get commit.template [11ms]
[2022-07-08T21:14:45.037Z] > git symbolic-ref --short HEAD [10ms]
[2022-07-08T21:14:45.080Z] > git for-each-ref --format=%(refname)%00%(upstream:short)%00%(objectname)%00%(upstream:track) refs/heads/master refs/remotes/master [8ms]
[2022-07-08T21:14:45.170Z] > git for-each-ref --sort -committerdate --format %(refname) %(objectname) %(*objectname) [43ms]
[2022-07-08T21:14:45.172Z] > git remote --verbose [9ms]
[2022-07-08T21:14:45.221Z] > git config --get commit.template [6ms]
[2022-07-08T21:15:00.091Z] > git symbolic-ref --short HEAD [13ms]
[2022-07-08T21:15:00.140Z] > git for-each-ref --format=%(refname)%00%(upstream:short)%00%(objectname)%00%(upstream:track) refs/heads/master refs/remotes/master [10ms]
[2022-07-08T21:15:00.226Z] > git for-each-ref --sort -committerdate --format %(refname) %(objectname) %(*objectname) [45ms]
[2022-07-08T21:15:00.230Z] > git remote --verbose [11ms]
[2022-07-08T21:15:00.290Z] > git config --get commit.template [9ms]
[2022-07-08T21:16:22.430Z] > git symbolic-ref --short HEAD [12ms]
[2022-07-08T21:16:22.485Z] > git for-each-ref --format=%(refname)%00%(upstream:short)%00%(objectname)%00%(upstream:track) refs/heads/master refs/remotes/master [10ms]
[2022-07-08T21:16:22.578Z] > git for-each-ref --sort -committerdate --format %(refname) %(objectname) %(*objectname) [46ms]
[2022-07-08T21:16:22.582Z] > git remote --verbose [15ms]
[2022-07-08T21:16:22.631Z] > git config --get commit.template [4ms]
[2022-07-08T21:16:29.571Z] > git symbolic-ref --short HEAD [7ms]
[2022-07-08T21:16:29.620Z] > git for-each-ref --format=%(refname)%00%(upstream:short)%00%(objectname)%00%(upstream:track) refs/heads/master refs/remotes/master [7ms]
[2022-07-08T21:16:29.713Z] > git for-each-ref --sort -committerdate --format %(refname) %(objectname) %(*objectname) [48ms]
[2022-07-08T21:16:29.715Z] > git remote --verbose [7ms]
[2022-07-08T21:16:29.770Z] > git config --get commit.template [5ms]
[2022-07-08T21:20:52.783Z] > git symbolic-ref --short HEAD [9ms]
[2022-07-08T21:20:52.840Z] > git for-each-ref --format=%(refname)%00%(upstream:short)%00%(objectname)%00%(upstream:track) refs/heads/master refs/remotes/master [12ms]
[2022-07-08T21:20:52.935Z] > git for-each-ref --sort -committerdate --format %(refname) %(objectname) %(*objectname) [49ms]
[2022-07-08T21:20:52.939Z] > git remote --verbose [12ms]
[2022-07-08T21:20:52.995Z] > git config --get commit.template [8ms]
[2022-07-08T21:23:21.667Z] > git symbolic-ref --short HEAD [8ms]
[2022-07-08T21:23:21.707Z] > git for-each-ref --format=%(refname)%00%(upstream:short)%00%(objectname)%00%(upstream:track) refs/heads/master refs/remotes/master [7ms]
[2022-07-08T21:23:21.768Z] > git for-each-ref --sort -committerdate --format %(refname) %(objectname) %(*objectname) [29ms]
[2022-07-08T21:23:21.772Z] > git remote --verbose [9ms]
[2022-07-08T21:23:21.810Z] > git config --get commit.template [6ms]
[2022-07-08T21:25:22.602Z] > git symbolic-ref --short HEAD [7ms]
[2022-07-08T21:25:22.637Z] > git for-each-ref --format=%(refname)%00%(upstream:short)%00%(objectname)%00%(upstream:track) refs/heads/master refs/remotes/master [6ms]
[2022-07-08T21:25:22.695Z] > git for-each-ref --sort -committerdate --format %(refname) %(objectname) %(*objectname) [27ms]
[2022-07-08T21:25:22.700Z] > git remote --verbose [8ms]
[2022-07-08T21:25:22.737Z] > git config --get commit.template [4ms]
[2022-07-08T21:33:39.746Z] > git symbolic-ref --short HEAD [10ms]
[2022-07-08T21:33:39.794Z] > git for-each-ref --format=%(refname)%00%(upstream:short)%00%(objectname)%00%(upstream:track) refs/heads/master refs/remotes/master [4ms]
[2022-07-08T21:33:39.855Z] > git remote --verbose [3ms]
[2022-07-08T21:33:39.856Z] > git for-each-ref --sort -committerdate --format %(refname) %(objectname) %(*objectname) [26ms]
[2022-07-08T21:33:39.891Z] > git config --get commit.template [3ms]
[2022-07-08T21:34:49.842Z] > git symbolic-ref --short HEAD [8ms]
[2022-07-08T21:34:49.912Z] > git for-each-ref --format=%(refname)%00%(upstream:short)%00%(objectname)%00%(upstream:track) refs/heads/master refs/remotes/master [6ms]
[2022-07-08T21:34:49.996Z] > git for-each-ref --sort -committerdate --format %(refname) %(objectname) %(*objectname) [40ms]
[2022-07-08T21:34:49.998Z] > git remote --verbose [4ms]
[2022-07-08T21:34:50.028Z] > git config --get commit.template [3ms]
[2022-07-08T21:35:59.762Z] > git symbolic-ref --short HEAD [6ms]
[2022-07-08T21:35:59.821Z] > git for-each-ref --format=%(refname)%00%(upstream:short)%00%(objectname)%00%(upstream:track) refs/heads/master refs/remotes/master [6ms]
[2022-07-08T21:35:59.913Z] > git for-each-ref --sort -committerdate --format %(refname) %(objectname) %(*objectname) [46ms]
[2022-07-08T21:35:59.915Z] > git remote --verbose [7ms]
[2022-07-08T21:35:59.965Z] > git config --get commit.template [5ms]
[2022-07-08T21:36:33.539Z] > git symbolic-ref --short HEAD [6ms]
[2022-07-08T21:36:33.588Z] > git for-each-ref --format=%(refname)%00%(upstream:short)%00%(objectname)%00%(upstream:track) refs/heads/master refs/remotes/master [7ms]
[2022-07-08T21:36:33.686Z] > git remote --verbose [7ms]
[2022-07-08T21:36:33.688Z] > git for-each-ref --sort -committerdate --format %(refname) %(objectname) %(*objectname) [57ms]
[2022-07-08T21:36:33.748Z] > git config --get commit.template [6ms]
