[2022-07-09 13:54:22.121] [renderer1] [info] Ignoring configured affinity for 'pub.name' because the extension is unknown or cannot execute.
[2022-07-09 13:54:22.413] [renderer1] [info] Ignoring configured affinity for 'pub.name' because the extension is unknown or cannot execute.
[2022-07-09 13:54:26.377] [renderer1] [error] [Extension Host] (node:426) [DEP0005] DeprecationWarning: Buffer() is deprecated due to security and usability issues. Please use the Buffer.alloc(), Buffer.allocUnsafe(), or Buffer.from() methods instead.
(Use `code --trace-deprecation ...` to show where the warning was created)
[2022-07-12 23:10:39.326] [renderer1] [error] ValueError: `column` parameter (1) is not in a valid range (0-0) for line 3 ('\n').: Error: ValueError: `column` parameter (1) is not in a valid range (0-0) for line 3 ('\n').
	at /home/intcesar/.vscode/extensions/ms-python.python-2022.4.1/out/client/extension.js:47:140123
	at /home/intcesar/.vscode/extensions/ms-python.python-2022.4.1/out/client/extension.js:47:140417
	at Immediate.<anonymous> (/home/intcesar/.vscode/extensions/ms-python.python-2022.4.1/out/client/extension.js:47:140780)
	at processImmediate (node:internal/timers:464:21)
[2022-07-13 08:58:23.568] [renderer1] [error] UnboundLocalError: local variable 'start_index' referenced before assignment: Error: UnboundLocalError: local variable 'start_index' referenced before assignment
	at /home/intcesar/.vscode/extensions/ms-python.python-2022.4.1/out/client/extension.js:47:140123
	at /home/intcesar/.vscode/extensions/ms-python.python-2022.4.1/out/client/extension.js:47:140417
	at Immediate.<anonymous> (/home/intcesar/.vscode/extensions/ms-python.python-2022.4.1/out/client/extension.js:47:140780)
	at processImmediate (node:internal/timers:464:21)
[2022-07-13 09:02:47.048] [renderer1] [error] UnboundLocalError: local variable 'end_index' referenced before assignment: Error: UnboundLocalError: local variable 'end_index' referenced before assignment
	at /home/intcesar/.vscode/extensions/ms-python.python-2022.4.1/out/client/extension.js:47:140123
	at /home/intcesar/.vscode/extensions/ms-python.python-2022.4.1/out/client/extension.js:47:140417
	at Immediate.<anonymous> (/home/intcesar/.vscode/extensions/ms-python.python-2022.4.1/out/client/extension.js:47:140780)
	at processImmediate (node:internal/timers:464:21)
[2022-07-13 09:29:08.493] [renderer1] [info] UNRESPONSIVE extension host: received responsive event and cancelling profiling session
[2022-07-13 09:29:09.778] [renderer1] [info] UNRESPONSIVE extension host: starting to profile NOW
